[2023-02-15T20:52:14.073+0000] {processor.py:153} INFO - Started process (PID=853) to work on /opt/airflow/dags/2.-pythonOperator.py
[2023-02-15T20:52:14.074+0000] {processor.py:743} INFO - Processing file /opt/airflow/dags/2.-pythonOperator.py for tasks to queue
[2023-02-15T20:52:14.074+0000] {logging_mixin.py:137} INFO - [2023-02-15T20:52:14.074+0000] {dagbag.py:538} INFO - Filling up the DagBag from /opt/airflow/dags/2.-pythonOperator.py
[2023-02-15T20:52:14.084+0000] {logging_mixin.py:137} INFO - [2023-02-15T20:52:14.083+0000] {dagbag.py:343} ERROR - Failed to import: /opt/airflow/dags/2.-pythonOperator.py
Traceback (most recent call last):
  File "/home/airflow/.local/lib/python3.7/site-packages/airflow/models/dagbag.py", line 339, in parse
    loader.exec_module(new_module)
  File "<frozen importlib._bootstrap_external>", line 728, in exec_module
  File "<frozen importlib._bootstrap>", line 219, in _call_with_frames_removed
  File "/opt/airflow/dags/2.-pythonOperator.py", line 12, in <module>
    python_callable = hello_world)
NameError: name 'hello_world' is not defined
[2023-02-15T20:52:14.084+0000] {processor.py:755} WARNING - No viable dags retrieved from /opt/airflow/dags/2.-pythonOperator.py
[2023-02-15T20:52:14.099+0000] {processor.py:175} INFO - Processing /opt/airflow/dags/2.-pythonOperator.py took 0.027 seconds
[2023-02-15T20:52:24.169+0000] {processor.py:153} INFO - Started process (PID=871) to work on /opt/airflow/dags/2.-pythonOperator.py
[2023-02-15T20:52:24.170+0000] {processor.py:743} INFO - Processing file /opt/airflow/dags/2.-pythonOperator.py for tasks to queue
[2023-02-15T20:52:24.171+0000] {logging_mixin.py:137} INFO - [2023-02-15T20:52:24.170+0000] {dagbag.py:538} INFO - Filling up the DagBag from /opt/airflow/dags/2.-pythonOperator.py
[2023-02-15T20:52:24.177+0000] {logging_mixin.py:137} INFO - [2023-02-15T20:52:24.176+0000] {dagbag.py:343} ERROR - Failed to import: /opt/airflow/dags/2.-pythonOperator.py
Traceback (most recent call last):
  File "/home/airflow/.local/lib/python3.7/site-packages/airflow/models/dagbag.py", line 339, in parse
    loader.exec_module(new_module)
  File "<frozen importlib._bootstrap_external>", line 728, in exec_module
  File "<frozen importlib._bootstrap>", line 219, in _call_with_frames_removed
  File "/opt/airflow/dags/2.-pythonOperator.py", line 14, in <module>
    python_callable = hello_world)
NameError: name 'hello_world' is not defined
[2023-02-15T20:52:24.177+0000] {processor.py:755} WARNING - No viable dags retrieved from /opt/airflow/dags/2.-pythonOperator.py
[2023-02-15T20:52:24.193+0000] {processor.py:175} INFO - Processing /opt/airflow/dags/2.-pythonOperator.py took 0.026 seconds
[2023-02-15T20:52:26.188+0000] {processor.py:153} INFO - Started process (PID=872) to work on /opt/airflow/dags/2.-pythonOperator.py
[2023-02-15T20:52:26.197+0000] {processor.py:743} INFO - Processing file /opt/airflow/dags/2.-pythonOperator.py for tasks to queue
[2023-02-15T20:52:26.198+0000] {logging_mixin.py:137} INFO - [2023-02-15T20:52:26.197+0000] {dagbag.py:538} INFO - Filling up the DagBag from /opt/airflow/dags/2.-pythonOperator.py
[2023-02-15T20:52:26.201+0000] {logging_mixin.py:137} INFO - [2023-02-15T20:52:26.200+0000] {dagbag.py:343} ERROR - Failed to import: /opt/airflow/dags/2.-pythonOperator.py
Traceback (most recent call last):
  File "/home/airflow/.local/lib/python3.7/site-packages/airflow/models/dagbag.py", line 339, in parse
    loader.exec_module(new_module)
  File "<frozen importlib._bootstrap_external>", line 724, in exec_module
  File "<frozen importlib._bootstrap_external>", line 860, in get_code
  File "<frozen importlib._bootstrap_external>", line 791, in source_to_code
  File "<frozen importlib._bootstrap>", line 219, in _call_with_frames_removed
  File "/opt/airflow/dags/2.-pythonOperator.py", line 5
    def
       ^
SyntaxError: invalid syntax
[2023-02-15T20:52:26.202+0000] {processor.py:755} WARNING - No viable dags retrieved from /opt/airflow/dags/2.-pythonOperator.py
[2023-02-15T20:52:26.230+0000] {processor.py:175} INFO - Processing /opt/airflow/dags/2.-pythonOperator.py took 0.046 seconds
[2023-02-15T20:52:28.243+0000] {processor.py:153} INFO - Started process (PID=882) to work on /opt/airflow/dags/2.-pythonOperator.py
[2023-02-15T20:52:28.252+0000] {processor.py:743} INFO - Processing file /opt/airflow/dags/2.-pythonOperator.py for tasks to queue
[2023-02-15T20:52:28.253+0000] {logging_mixin.py:137} INFO - [2023-02-15T20:52:28.253+0000] {dagbag.py:538} INFO - Filling up the DagBag from /opt/airflow/dags/2.-pythonOperator.py
[2023-02-15T20:52:28.257+0000] {logging_mixin.py:137} INFO - [2023-02-15T20:52:28.256+0000] {dagbag.py:343} ERROR - Failed to import: /opt/airflow/dags/2.-pythonOperator.py
Traceback (most recent call last):
  File "/home/airflow/.local/lib/python3.7/site-packages/airflow/models/dagbag.py", line 339, in parse
    loader.exec_module(new_module)
  File "<frozen importlib._bootstrap_external>", line 724, in exec_module
  File "<frozen importlib._bootstrap_external>", line 860, in get_code
  File "<frozen importlib._bootstrap_external>", line 791, in source_to_code
  File "<frozen importlib._bootstrap>", line 219, in _call_with_frames_removed
  File "/opt/airflow/dags/2.-pythonOperator.py", line 5
    def prit
           ^
SyntaxError: invalid syntax
[2023-02-15T20:52:28.258+0000] {processor.py:755} WARNING - No viable dags retrieved from /opt/airflow/dags/2.-pythonOperator.py
[2023-02-15T20:52:28.294+0000] {processor.py:175} INFO - Processing /opt/airflow/dags/2.-pythonOperator.py took 0.056 seconds
[2023-02-15T20:52:29.331+0000] {processor.py:153} INFO - Started process (PID=891) to work on /opt/airflow/dags/2.-pythonOperator.py
[2023-02-15T20:52:29.332+0000] {processor.py:743} INFO - Processing file /opt/airflow/dags/2.-pythonOperator.py for tasks to queue
[2023-02-15T20:52:29.334+0000] {logging_mixin.py:137} INFO - [2023-02-15T20:52:29.333+0000] {dagbag.py:538} INFO - Filling up the DagBag from /opt/airflow/dags/2.-pythonOperator.py
[2023-02-15T20:52:29.347+0000] {logging_mixin.py:137} INFO - [2023-02-15T20:52:29.345+0000] {dagbag.py:343} ERROR - Failed to import: /opt/airflow/dags/2.-pythonOperator.py
Traceback (most recent call last):
  File "/home/airflow/.local/lib/python3.7/site-packages/airflow/models/dagbag.py", line 339, in parse
    loader.exec_module(new_module)
  File "<frozen importlib._bootstrap_external>", line 728, in exec_module
  File "<frozen importlib._bootstrap>", line 219, in _call_with_frames_removed
  File "/opt/airflow/dags/2.-pythonOperator.py", line 15, in <module>
    python_callable = hello_world)
NameError: name 'hello_world' is not defined
[2023-02-15T20:52:29.347+0000] {processor.py:755} WARNING - No viable dags retrieved from /opt/airflow/dags/2.-pythonOperator.py
[2023-02-15T20:52:29.377+0000] {processor.py:175} INFO - Processing /opt/airflow/dags/2.-pythonOperator.py took 0.050 seconds
[2023-02-15T20:52:38.387+0000] {processor.py:153} INFO - Started process (PID=892) to work on /opt/airflow/dags/2.-pythonOperator.py
[2023-02-15T20:52:38.396+0000] {processor.py:743} INFO - Processing file /opt/airflow/dags/2.-pythonOperator.py for tasks to queue
[2023-02-15T20:52:38.397+0000] {logging_mixin.py:137} INFO - [2023-02-15T20:52:38.396+0000] {dagbag.py:538} INFO - Filling up the DagBag from /opt/airflow/dags/2.-pythonOperator.py
[2023-02-15T20:52:38.408+0000] {logging_mixin.py:137} INFO - [2023-02-15T20:52:38.408+0000] {dagbag.py:343} ERROR - Failed to import: /opt/airflow/dags/2.-pythonOperator.py
Traceback (most recent call last):
  File "/home/airflow/.local/lib/python3.7/site-packages/airflow/models/dagbag.py", line 339, in parse
    loader.exec_module(new_module)
  File "<frozen importlib._bootstrap_external>", line 728, in exec_module
  File "<frozen importlib._bootstrap>", line 219, in _call_with_frames_removed
  File "/opt/airflow/dags/2.-pythonOperator.py", line 15, in <module>
    python_callable = hello_world)
NameError: name 'hello_world' is not defined
[2023-02-15T20:52:38.409+0000] {processor.py:755} WARNING - No viable dags retrieved from /opt/airflow/dags/2.-pythonOperator.py
[2023-02-15T20:52:38.424+0000] {processor.py:175} INFO - Processing /opt/airflow/dags/2.-pythonOperator.py took 0.040 seconds
[2023-02-15T20:52:43.416+0000] {processor.py:153} INFO - Started process (PID=909) to work on /opt/airflow/dags/2.-pythonOperator.py
[2023-02-15T20:52:43.425+0000] {processor.py:743} INFO - Processing file /opt/airflow/dags/2.-pythonOperator.py for tasks to queue
[2023-02-15T20:52:43.426+0000] {logging_mixin.py:137} INFO - [2023-02-15T20:52:43.425+0000] {dagbag.py:538} INFO - Filling up the DagBag from /opt/airflow/dags/2.-pythonOperator.py
[2023-02-15T20:52:43.443+0000] {processor.py:753} INFO - DAG(s) dict_keys(['pythonoperator']) retrieved from /opt/airflow/dags/2.-pythonOperator.py
[2023-02-15T20:52:43.687+0000] {logging_mixin.py:137} INFO - [2023-02-15T20:52:43.687+0000] {manager.py:504} INFO - Created Permission View: can read on DAG:pythonoperator
[2023-02-15T20:52:43.700+0000] {logging_mixin.py:137} INFO - [2023-02-15T20:52:43.700+0000] {manager.py:504} INFO - Created Permission View: can delete on DAG:pythonoperator
[2023-02-15T20:52:43.711+0000] {logging_mixin.py:137} INFO - [2023-02-15T20:52:43.711+0000] {manager.py:504} INFO - Created Permission View: can edit on DAG:pythonoperator
[2023-02-15T20:52:43.711+0000] {logging_mixin.py:137} INFO - [2023-02-15T20:52:43.711+0000] {dag.py:2690} INFO - Sync 1 DAGs
[2023-02-15T20:52:43.734+0000] {logging_mixin.py:137} INFO - [2023-02-15T20:52:43.734+0000] {dag.py:2711} INFO - Creating ORM DAG for pythonoperator
[2023-02-15T20:52:43.752+0000] {logging_mixin.py:137} INFO - [2023-02-15T20:52:43.752+0000] {dag.py:3441} INFO - Setting next_dagrun for pythonoperator to 2023-02-15T00:00:00+00:00, run_after=2023-02-15T00:00:00+00:00
[2023-02-15T20:52:43.779+0000] {processor.py:175} INFO - Processing /opt/airflow/dags/2.-pythonOperator.py took 0.366 seconds
[2023-02-15T20:52:50.533+0000] {processor.py:153} INFO - Started process (PID=911) to work on /opt/airflow/dags/2.-pythonOperator.py
[2023-02-15T20:52:50.534+0000] {processor.py:743} INFO - Processing file /opt/airflow/dags/2.-pythonOperator.py for tasks to queue
[2023-02-15T20:52:50.535+0000] {logging_mixin.py:137} INFO - [2023-02-15T20:52:50.535+0000] {dagbag.py:538} INFO - Filling up the DagBag from /opt/airflow/dags/2.-pythonOperator.py
[2023-02-15T20:52:50.558+0000] {processor.py:753} INFO - DAG(s) dict_keys(['pythonoperator']) retrieved from /opt/airflow/dags/2.-pythonOperator.py
[2023-02-15T20:52:50.578+0000] {logging_mixin.py:137} INFO - [2023-02-15T20:52:50.577+0000] {dag.py:2690} INFO - Sync 1 DAGs
[2023-02-15T20:52:50.627+0000] {logging_mixin.py:137} INFO - [2023-02-15T20:52:50.627+0000] {dag.py:3441} INFO - Setting next_dagrun for pythonoperator to None, run_after=None
[2023-02-15T20:52:50.682+0000] {processor.py:175} INFO - Processing /opt/airflow/dags/2.-pythonOperator.py took 0.153 seconds
[2023-02-15T20:52:52.550+0000] {processor.py:153} INFO - Started process (PID=912) to work on /opt/airflow/dags/2.-pythonOperator.py
[2023-02-15T20:52:52.551+0000] {processor.py:743} INFO - Processing file /opt/airflow/dags/2.-pythonOperator.py for tasks to queue
[2023-02-15T20:52:52.552+0000] {logging_mixin.py:137} INFO - [2023-02-15T20:52:52.552+0000] {dagbag.py:538} INFO - Filling up the DagBag from /opt/airflow/dags/2.-pythonOperator.py
[2023-02-15T20:52:52.571+0000] {processor.py:753} INFO - DAG(s) dict_keys(['pythonoperator']) retrieved from /opt/airflow/dags/2.-pythonOperator.py
[2023-02-15T20:52:52.588+0000] {logging_mixin.py:137} INFO - [2023-02-15T20:52:52.588+0000] {dag.py:2690} INFO - Sync 1 DAGs
[2023-02-15T20:52:52.626+0000] {logging_mixin.py:137} INFO - [2023-02-15T20:52:52.625+0000] {dag.py:3441} INFO - Setting next_dagrun for pythonoperator to None, run_after=None
[2023-02-15T20:52:52.652+0000] {processor.py:175} INFO - Processing /opt/airflow/dags/2.-pythonOperator.py took 0.106 seconds
[2023-02-15T20:52:54.567+0000] {processor.py:153} INFO - Started process (PID=922) to work on /opt/airflow/dags/2.-pythonOperator.py
[2023-02-15T20:52:54.576+0000] {processor.py:743} INFO - Processing file /opt/airflow/dags/2.-pythonOperator.py for tasks to queue
[2023-02-15T20:52:54.578+0000] {logging_mixin.py:137} INFO - [2023-02-15T20:52:54.577+0000] {dagbag.py:538} INFO - Filling up the DagBag from /opt/airflow/dags/2.-pythonOperator.py
[2023-02-15T20:52:54.602+0000] {processor.py:753} INFO - DAG(s) dict_keys(['pythonoperator']) retrieved from /opt/airflow/dags/2.-pythonOperator.py
[2023-02-15T20:52:54.621+0000] {logging_mixin.py:137} INFO - [2023-02-15T20:52:54.621+0000] {dag.py:2690} INFO - Sync 1 DAGs
[2023-02-15T20:52:54.666+0000] {logging_mixin.py:137} INFO - [2023-02-15T20:52:54.666+0000] {dag.py:3441} INFO - Setting next_dagrun for pythonoperator to None, run_after=None
[2023-02-15T20:52:54.709+0000] {processor.py:175} INFO - Processing /opt/airflow/dags/2.-pythonOperator.py took 0.145 seconds
[2023-02-15T20:53:24.948+0000] {processor.py:153} INFO - Started process (PID=964) to work on /opt/airflow/dags/2.-pythonOperator.py
[2023-02-15T20:53:24.957+0000] {processor.py:743} INFO - Processing file /opt/airflow/dags/2.-pythonOperator.py for tasks to queue
[2023-02-15T20:53:24.958+0000] {logging_mixin.py:137} INFO - [2023-02-15T20:53:24.957+0000] {dagbag.py:538} INFO - Filling up the DagBag from /opt/airflow/dags/2.-pythonOperator.py
[2023-02-15T20:53:24.971+0000] {processor.py:753} INFO - DAG(s) dict_keys(['pythonoperator']) retrieved from /opt/airflow/dags/2.-pythonOperator.py
[2023-02-15T20:53:24.990+0000] {logging_mixin.py:137} INFO - [2023-02-15T20:53:24.989+0000] {dag.py:2690} INFO - Sync 1 DAGs
[2023-02-15T20:53:25.011+0000] {logging_mixin.py:137} INFO - [2023-02-15T20:53:25.011+0000] {dag.py:3441} INFO - Setting next_dagrun for pythonoperator to None, run_after=None
[2023-02-15T20:53:25.025+0000] {processor.py:175} INFO - Processing /opt/airflow/dags/2.-pythonOperator.py took 0.081 seconds
[2023-02-15T20:53:55.234+0000] {processor.py:153} INFO - Started process (PID=999) to work on /opt/airflow/dags/2.-pythonOperator.py
[2023-02-15T20:53:55.238+0000] {processor.py:743} INFO - Processing file /opt/airflow/dags/2.-pythonOperator.py for tasks to queue
[2023-02-15T20:53:55.239+0000] {logging_mixin.py:137} INFO - [2023-02-15T20:53:55.239+0000] {dagbag.py:538} INFO - Filling up the DagBag from /opt/airflow/dags/2.-pythonOperator.py
[2023-02-15T20:53:55.253+0000] {processor.py:753} INFO - DAG(s) dict_keys(['pythonoperator']) retrieved from /opt/airflow/dags/2.-pythonOperator.py
[2023-02-15T20:53:55.271+0000] {logging_mixin.py:137} INFO - [2023-02-15T20:53:55.271+0000] {dag.py:2690} INFO - Sync 1 DAGs
[2023-02-15T20:53:55.292+0000] {logging_mixin.py:137} INFO - [2023-02-15T20:53:55.292+0000] {dag.py:3441} INFO - Setting next_dagrun for pythonoperator to None, run_after=None
[2023-02-15T20:53:55.309+0000] {processor.py:175} INFO - Processing /opt/airflow/dags/2.-pythonOperator.py took 0.081 seconds
[2023-02-15T20:54:25.521+0000] {processor.py:153} INFO - Started process (PID=1050) to work on /opt/airflow/dags/2.-pythonOperator.py
[2023-02-15T20:54:25.529+0000] {processor.py:743} INFO - Processing file /opt/airflow/dags/2.-pythonOperator.py for tasks to queue
[2023-02-15T20:54:25.530+0000] {logging_mixin.py:137} INFO - [2023-02-15T20:54:25.530+0000] {dagbag.py:538} INFO - Filling up the DagBag from /opt/airflow/dags/2.-pythonOperator.py
[2023-02-15T20:54:25.543+0000] {processor.py:753} INFO - DAG(s) dict_keys(['pythonoperator']) retrieved from /opt/airflow/dags/2.-pythonOperator.py
[2023-02-15T20:54:25.564+0000] {logging_mixin.py:137} INFO - [2023-02-15T20:54:25.564+0000] {dag.py:2690} INFO - Sync 1 DAGs
[2023-02-15T20:54:25.591+0000] {logging_mixin.py:137} INFO - [2023-02-15T20:54:25.591+0000] {dag.py:3441} INFO - Setting next_dagrun for pythonoperator to None, run_after=None
[2023-02-15T20:54:25.618+0000] {processor.py:175} INFO - Processing /opt/airflow/dags/2.-pythonOperator.py took 0.101 seconds
[2023-02-15T20:54:55.851+0000] {processor.py:153} INFO - Started process (PID=1085) to work on /opt/airflow/dags/2.-pythonOperator.py
[2023-02-15T20:54:55.859+0000] {processor.py:743} INFO - Processing file /opt/airflow/dags/2.-pythonOperator.py for tasks to queue
[2023-02-15T20:54:55.860+0000] {logging_mixin.py:137} INFO - [2023-02-15T20:54:55.860+0000] {dagbag.py:538} INFO - Filling up the DagBag from /opt/airflow/dags/2.-pythonOperator.py
[2023-02-15T20:54:55.869+0000] {processor.py:753} INFO - DAG(s) dict_keys(['pythonoperator']) retrieved from /opt/airflow/dags/2.-pythonOperator.py
[2023-02-15T20:54:55.884+0000] {logging_mixin.py:137} INFO - [2023-02-15T20:54:55.884+0000] {dag.py:2690} INFO - Sync 1 DAGs
[2023-02-15T20:54:55.904+0000] {logging_mixin.py:137} INFO - [2023-02-15T20:54:55.904+0000] {dag.py:3441} INFO - Setting next_dagrun for pythonoperator to None, run_after=None
[2023-02-15T20:54:55.919+0000] {processor.py:175} INFO - Processing /opt/airflow/dags/2.-pythonOperator.py took 0.069 seconds
[2023-02-15T20:55:26.105+0000] {processor.py:153} INFO - Started process (PID=1136) to work on /opt/airflow/dags/2.-pythonOperator.py
[2023-02-15T20:55:26.105+0000] {processor.py:743} INFO - Processing file /opt/airflow/dags/2.-pythonOperator.py for tasks to queue
[2023-02-15T20:55:26.106+0000] {logging_mixin.py:137} INFO - [2023-02-15T20:55:26.106+0000] {dagbag.py:538} INFO - Filling up the DagBag from /opt/airflow/dags/2.-pythonOperator.py
[2023-02-15T20:55:26.114+0000] {processor.py:753} INFO - DAG(s) dict_keys(['pythonoperator']) retrieved from /opt/airflow/dags/2.-pythonOperator.py
[2023-02-15T20:55:26.130+0000] {logging_mixin.py:137} INFO - [2023-02-15T20:55:26.130+0000] {dag.py:2690} INFO - Sync 1 DAGs
[2023-02-15T20:55:26.148+0000] {logging_mixin.py:137} INFO - [2023-02-15T20:55:26.148+0000] {dag.py:3441} INFO - Setting next_dagrun for pythonoperator to None, run_after=None
[2023-02-15T20:55:26.161+0000] {processor.py:175} INFO - Processing /opt/airflow/dags/2.-pythonOperator.py took 0.059 seconds
[2023-02-15T20:55:33.219+0000] {processor.py:153} INFO - Started process (PID=1138) to work on /opt/airflow/dags/2.-pythonOperator.py
[2023-02-15T20:55:33.228+0000] {processor.py:743} INFO - Processing file /opt/airflow/dags/2.-pythonOperator.py for tasks to queue
[2023-02-15T20:55:33.229+0000] {logging_mixin.py:137} INFO - [2023-02-15T20:55:33.228+0000] {dagbag.py:538} INFO - Filling up the DagBag from /opt/airflow/dags/2.-pythonOperator.py
[2023-02-15T20:55:33.244+0000] {processor.py:753} INFO - DAG(s) dict_keys(['pythonoperator']) retrieved from /opt/airflow/dags/2.-pythonOperator.py
[2023-02-15T20:55:33.268+0000] {logging_mixin.py:137} INFO - [2023-02-15T20:55:33.268+0000] {dag.py:2690} INFO - Sync 1 DAGs
[2023-02-15T20:55:33.299+0000] {logging_mixin.py:137} INFO - [2023-02-15T20:55:33.299+0000] {dag.py:3441} INFO - Setting next_dagrun for pythonoperator to None, run_after=None
[2023-02-15T20:55:33.328+0000] {processor.py:175} INFO - Processing /opt/airflow/dags/2.-pythonOperator.py took 0.112 seconds
[2023-02-15T20:55:34.357+0000] {processor.py:153} INFO - Started process (PID=1139) to work on /opt/airflow/dags/2.-pythonOperator.py
[2023-02-15T20:55:34.358+0000] {processor.py:743} INFO - Processing file /opt/airflow/dags/2.-pythonOperator.py for tasks to queue
[2023-02-15T20:55:34.358+0000] {logging_mixin.py:137} INFO - [2023-02-15T20:55:34.358+0000] {dagbag.py:538} INFO - Filling up the DagBag from /opt/airflow/dags/2.-pythonOperator.py
[2023-02-15T20:55:34.378+0000] {processor.py:753} INFO - DAG(s) dict_keys(['pythonoperator']) retrieved from /opt/airflow/dags/2.-pythonOperator.py
[2023-02-15T20:55:34.412+0000] {logging_mixin.py:137} INFO - [2023-02-15T20:55:34.412+0000] {dag.py:2690} INFO - Sync 1 DAGs
[2023-02-15T20:55:34.454+0000] {logging_mixin.py:137} INFO - [2023-02-15T20:55:34.454+0000] {dag.py:3441} INFO - Setting next_dagrun for pythonoperator to None, run_after=None
[2023-02-15T20:55:34.491+0000] {processor.py:175} INFO - Processing /opt/airflow/dags/2.-pythonOperator.py took 0.139 seconds
[2023-02-15T20:55:38.386+0000] {processor.py:153} INFO - Started process (PID=1156) to work on /opt/airflow/dags/2.-pythonOperator.py
[2023-02-15T20:55:38.395+0000] {processor.py:743} INFO - Processing file /opt/airflow/dags/2.-pythonOperator.py for tasks to queue
[2023-02-15T20:55:38.396+0000] {logging_mixin.py:137} INFO - [2023-02-15T20:55:38.395+0000] {dagbag.py:538} INFO - Filling up the DagBag from /opt/airflow/dags/2.-pythonOperator.py
[2023-02-15T20:55:38.415+0000] {processor.py:753} INFO - DAG(s) dict_keys(['pythonoperator']) retrieved from /opt/airflow/dags/2.-pythonOperator.py
[2023-02-15T20:55:38.452+0000] {logging_mixin.py:137} INFO - [2023-02-15T20:55:38.452+0000] {dag.py:2690} INFO - Sync 1 DAGs
[2023-02-15T20:55:38.489+0000] {logging_mixin.py:137} INFO - [2023-02-15T20:55:38.488+0000] {dag.py:3441} INFO - Setting next_dagrun for pythonoperator to None, run_after=None
[2023-02-15T20:55:38.525+0000] {processor.py:175} INFO - Processing /opt/airflow/dags/2.-pythonOperator.py took 0.142 seconds
[2023-02-15T20:55:40.551+0000] {processor.py:153} INFO - Started process (PID=1157) to work on /opt/airflow/dags/2.-pythonOperator.py
[2023-02-15T20:55:40.560+0000] {processor.py:743} INFO - Processing file /opt/airflow/dags/2.-pythonOperator.py for tasks to queue
[2023-02-15T20:55:40.561+0000] {logging_mixin.py:137} INFO - [2023-02-15T20:55:40.561+0000] {dagbag.py:538} INFO - Filling up the DagBag from /opt/airflow/dags/2.-pythonOperator.py
[2023-02-15T20:55:40.578+0000] {processor.py:753} INFO - DAG(s) dict_keys(['pythonoperator']) retrieved from /opt/airflow/dags/2.-pythonOperator.py
[2023-02-15T20:55:40.605+0000] {logging_mixin.py:137} INFO - [2023-02-15T20:55:40.605+0000] {dag.py:2690} INFO - Sync 1 DAGs
[2023-02-15T20:55:40.645+0000] {logging_mixin.py:137} INFO - [2023-02-15T20:55:40.645+0000] {dag.py:3441} INFO - Setting next_dagrun for pythonoperator to None, run_after=None
[2023-02-15T20:55:40.677+0000] {processor.py:175} INFO - Processing /opt/airflow/dags/2.-pythonOperator.py took 0.130 seconds
[2023-02-15T20:56:10.898+0000] {processor.py:153} INFO - Started process (PID=1192) to work on /opt/airflow/dags/2.-pythonOperator.py
[2023-02-15T20:56:10.900+0000] {processor.py:743} INFO - Processing file /opt/airflow/dags/2.-pythonOperator.py for tasks to queue
[2023-02-15T20:56:10.900+0000] {logging_mixin.py:137} INFO - [2023-02-15T20:56:10.900+0000] {dagbag.py:538} INFO - Filling up the DagBag from /opt/airflow/dags/2.-pythonOperator.py
[2023-02-15T20:56:10.913+0000] {processor.py:753} INFO - DAG(s) dict_keys(['pythonoperator']) retrieved from /opt/airflow/dags/2.-pythonOperator.py
[2023-02-15T20:56:10.934+0000] {logging_mixin.py:137} INFO - [2023-02-15T20:56:10.934+0000] {dag.py:2690} INFO - Sync 1 DAGs
[2023-02-15T20:56:10.962+0000] {logging_mixin.py:137} INFO - [2023-02-15T20:56:10.962+0000] {dag.py:3441} INFO - Setting next_dagrun for pythonoperator to None, run_after=None
[2023-02-15T20:56:10.982+0000] {processor.py:175} INFO - Processing /opt/airflow/dags/2.-pythonOperator.py took 0.086 seconds
[2023-02-15T20:56:41.216+0000] {processor.py:153} INFO - Started process (PID=1236) to work on /opt/airflow/dags/2.-pythonOperator.py
[2023-02-15T20:56:41.225+0000] {processor.py:743} INFO - Processing file /opt/airflow/dags/2.-pythonOperator.py for tasks to queue
[2023-02-15T20:56:41.226+0000] {logging_mixin.py:137} INFO - [2023-02-15T20:56:41.226+0000] {dagbag.py:538} INFO - Filling up the DagBag from /opt/airflow/dags/2.-pythonOperator.py
[2023-02-15T20:56:41.236+0000] {processor.py:753} INFO - DAG(s) dict_keys(['pythonoperator']) retrieved from /opt/airflow/dags/2.-pythonOperator.py
[2023-02-15T20:56:41.256+0000] {logging_mixin.py:137} INFO - [2023-02-15T20:56:41.255+0000] {dag.py:2690} INFO - Sync 1 DAGs
[2023-02-15T20:56:41.281+0000] {logging_mixin.py:137} INFO - [2023-02-15T20:56:41.281+0000] {dag.py:3441} INFO - Setting next_dagrun for pythonoperator to None, run_after=None
[2023-02-15T20:56:41.298+0000] {processor.py:175} INFO - Processing /opt/airflow/dags/2.-pythonOperator.py took 0.084 seconds
[2023-02-15T20:57:11.524+0000] {processor.py:153} INFO - Started process (PID=1278) to work on /opt/airflow/dags/2.-pythonOperator.py
[2023-02-15T20:57:11.525+0000] {processor.py:743} INFO - Processing file /opt/airflow/dags/2.-pythonOperator.py for tasks to queue
[2023-02-15T20:57:11.525+0000] {logging_mixin.py:137} INFO - [2023-02-15T20:57:11.525+0000] {dagbag.py:538} INFO - Filling up the DagBag from /opt/airflow/dags/2.-pythonOperator.py
[2023-02-15T20:57:11.542+0000] {processor.py:753} INFO - DAG(s) dict_keys(['pythonoperator']) retrieved from /opt/airflow/dags/2.-pythonOperator.py
[2023-02-15T20:57:11.573+0000] {logging_mixin.py:137} INFO - [2023-02-15T20:57:11.573+0000] {dag.py:2690} INFO - Sync 1 DAGs
[2023-02-15T20:57:11.620+0000] {logging_mixin.py:137} INFO - [2023-02-15T20:57:11.620+0000] {dag.py:3441} INFO - Setting next_dagrun for pythonoperator to None, run_after=None
[2023-02-15T20:57:11.645+0000] {processor.py:175} INFO - Processing /opt/airflow/dags/2.-pythonOperator.py took 0.124 seconds
[2023-02-15T20:57:41.845+0000] {processor.py:153} INFO - Started process (PID=1313) to work on /opt/airflow/dags/2.-pythonOperator.py
[2023-02-15T20:57:41.854+0000] {processor.py:743} INFO - Processing file /opt/airflow/dags/2.-pythonOperator.py for tasks to queue
[2023-02-15T20:57:41.855+0000] {logging_mixin.py:137} INFO - [2023-02-15T20:57:41.855+0000] {dagbag.py:538} INFO - Filling up the DagBag from /opt/airflow/dags/2.-pythonOperator.py
[2023-02-15T20:57:41.869+0000] {processor.py:753} INFO - DAG(s) dict_keys(['pythonoperator']) retrieved from /opt/airflow/dags/2.-pythonOperator.py
[2023-02-15T20:57:41.888+0000] {logging_mixin.py:137} INFO - [2023-02-15T20:57:41.888+0000] {dag.py:2690} INFO - Sync 1 DAGs
[2023-02-15T20:57:41.908+0000] {logging_mixin.py:137} INFO - [2023-02-15T20:57:41.907+0000] {dag.py:3441} INFO - Setting next_dagrun for pythonoperator to None, run_after=None
[2023-02-15T20:57:41.919+0000] {processor.py:175} INFO - Processing /opt/airflow/dags/2.-pythonOperator.py took 0.078 seconds
[2023-02-15T20:58:12.115+0000] {processor.py:153} INFO - Started process (PID=1364) to work on /opt/airflow/dags/2.-pythonOperator.py
[2023-02-15T20:58:12.116+0000] {processor.py:743} INFO - Processing file /opt/airflow/dags/2.-pythonOperator.py for tasks to queue
[2023-02-15T20:58:12.117+0000] {logging_mixin.py:137} INFO - [2023-02-15T20:58:12.117+0000] {dagbag.py:538} INFO - Filling up the DagBag from /opt/airflow/dags/2.-pythonOperator.py
[2023-02-15T20:58:12.128+0000] {processor.py:753} INFO - DAG(s) dict_keys(['pythonoperator']) retrieved from /opt/airflow/dags/2.-pythonOperator.py
[2023-02-15T20:58:12.146+0000] {logging_mixin.py:137} INFO - [2023-02-15T20:58:12.145+0000] {dag.py:2690} INFO - Sync 1 DAGs
[2023-02-15T20:58:12.165+0000] {logging_mixin.py:137} INFO - [2023-02-15T20:58:12.165+0000] {dag.py:3441} INFO - Setting next_dagrun for pythonoperator to None, run_after=None
[2023-02-15T20:58:12.180+0000] {processor.py:175} INFO - Processing /opt/airflow/dags/2.-pythonOperator.py took 0.070 seconds
[2023-02-15T20:58:42.424+0000] {processor.py:153} INFO - Started process (PID=1399) to work on /opt/airflow/dags/2.-pythonOperator.py
[2023-02-15T20:58:42.433+0000] {processor.py:743} INFO - Processing file /opt/airflow/dags/2.-pythonOperator.py for tasks to queue
[2023-02-15T20:58:42.433+0000] {logging_mixin.py:137} INFO - [2023-02-15T20:58:42.433+0000] {dagbag.py:538} INFO - Filling up the DagBag from /opt/airflow/dags/2.-pythonOperator.py
[2023-02-15T20:58:42.449+0000] {processor.py:753} INFO - DAG(s) dict_keys(['pythonoperator']) retrieved from /opt/airflow/dags/2.-pythonOperator.py
[2023-02-15T20:58:42.476+0000] {logging_mixin.py:137} INFO - [2023-02-15T20:58:42.476+0000] {dag.py:2690} INFO - Sync 1 DAGs
[2023-02-15T20:58:42.508+0000] {logging_mixin.py:137} INFO - [2023-02-15T20:58:42.508+0000] {dag.py:3441} INFO - Setting next_dagrun for pythonoperator to None, run_after=None
[2023-02-15T20:58:42.533+0000] {processor.py:175} INFO - Processing /opt/airflow/dags/2.-pythonOperator.py took 0.116 seconds
[2023-02-15T20:59:12.768+0000] {processor.py:153} INFO - Started process (PID=1435) to work on /opt/airflow/dags/2.-pythonOperator.py
[2023-02-15T20:59:12.777+0000] {processor.py:743} INFO - Processing file /opt/airflow/dags/2.-pythonOperator.py for tasks to queue
[2023-02-15T20:59:12.777+0000] {logging_mixin.py:137} INFO - [2023-02-15T20:59:12.777+0000] {dagbag.py:538} INFO - Filling up the DagBag from /opt/airflow/dags/2.-pythonOperator.py
[2023-02-15T20:59:12.789+0000] {processor.py:753} INFO - DAG(s) dict_keys(['pythonoperator']) retrieved from /opt/airflow/dags/2.-pythonOperator.py
[2023-02-15T20:59:12.806+0000] {logging_mixin.py:137} INFO - [2023-02-15T20:59:12.806+0000] {dag.py:2690} INFO - Sync 1 DAGs
[2023-02-15T20:59:12.824+0000] {logging_mixin.py:137} INFO - [2023-02-15T20:59:12.824+0000] {dag.py:3441} INFO - Setting next_dagrun for pythonoperator to None, run_after=None
[2023-02-15T20:59:12.840+0000] {processor.py:175} INFO - Processing /opt/airflow/dags/2.-pythonOperator.py took 0.075 seconds
[2023-02-15T20:59:43.104+0000] {processor.py:153} INFO - Started process (PID=1486) to work on /opt/airflow/dags/2.-pythonOperator.py
[2023-02-15T20:59:43.105+0000] {processor.py:743} INFO - Processing file /opt/airflow/dags/2.-pythonOperator.py for tasks to queue
[2023-02-15T20:59:43.105+0000] {logging_mixin.py:137} INFO - [2023-02-15T20:59:43.105+0000] {dagbag.py:538} INFO - Filling up the DagBag from /opt/airflow/dags/2.-pythonOperator.py
[2023-02-15T20:59:43.116+0000] {processor.py:753} INFO - DAG(s) dict_keys(['pythonoperator']) retrieved from /opt/airflow/dags/2.-pythonOperator.py
[2023-02-15T20:59:43.132+0000] {logging_mixin.py:137} INFO - [2023-02-15T20:59:43.132+0000] {dag.py:2690} INFO - Sync 1 DAGs
[2023-02-15T20:59:43.153+0000] {logging_mixin.py:137} INFO - [2023-02-15T20:59:43.153+0000] {dag.py:3441} INFO - Setting next_dagrun for pythonoperator to None, run_after=None
[2023-02-15T20:59:43.167+0000] {processor.py:175} INFO - Processing /opt/airflow/dags/2.-pythonOperator.py took 0.065 seconds
[2023-02-15T21:00:13.329+0000] {processor.py:153} INFO - Started process (PID=1521) to work on /opt/airflow/dags/2.-pythonOperator.py
[2023-02-15T21:00:13.338+0000] {processor.py:743} INFO - Processing file /opt/airflow/dags/2.-pythonOperator.py for tasks to queue
[2023-02-15T21:00:13.339+0000] {logging_mixin.py:137} INFO - [2023-02-15T21:00:13.339+0000] {dagbag.py:538} INFO - Filling up the DagBag from /opt/airflow/dags/2.-pythonOperator.py
[2023-02-15T21:00:13.362+0000] {processor.py:753} INFO - DAG(s) dict_keys(['pythonoperator']) retrieved from /opt/airflow/dags/2.-pythonOperator.py
[2023-02-15T21:00:13.400+0000] {logging_mixin.py:137} INFO - [2023-02-15T21:00:13.400+0000] {dag.py:2690} INFO - Sync 1 DAGs
[2023-02-15T21:00:13.437+0000] {logging_mixin.py:137} INFO - [2023-02-15T21:00:13.437+0000] {dag.py:3441} INFO - Setting next_dagrun for pythonoperator to None, run_after=None
[2023-02-15T21:00:13.470+0000] {processor.py:175} INFO - Processing /opt/airflow/dags/2.-pythonOperator.py took 0.144 seconds
[2023-02-15T21:00:43.638+0000] {processor.py:153} INFO - Started process (PID=1565) to work on /opt/airflow/dags/2.-pythonOperator.py
[2023-02-15T21:00:43.647+0000] {processor.py:743} INFO - Processing file /opt/airflow/dags/2.-pythonOperator.py for tasks to queue
[2023-02-15T21:00:43.647+0000] {logging_mixin.py:137} INFO - [2023-02-15T21:00:43.647+0000] {dagbag.py:538} INFO - Filling up the DagBag from /opt/airflow/dags/2.-pythonOperator.py
[2023-02-15T21:00:43.659+0000] {processor.py:753} INFO - DAG(s) dict_keys(['pythonoperator']) retrieved from /opt/airflow/dags/2.-pythonOperator.py
[2023-02-15T21:00:43.682+0000] {logging_mixin.py:137} INFO - [2023-02-15T21:00:43.682+0000] {dag.py:2690} INFO - Sync 1 DAGs
[2023-02-15T21:00:43.713+0000] {logging_mixin.py:137} INFO - [2023-02-15T21:00:43.713+0000] {dag.py:3441} INFO - Setting next_dagrun for pythonoperator to None, run_after=None
[2023-02-15T21:00:43.738+0000] {processor.py:175} INFO - Processing /opt/airflow/dags/2.-pythonOperator.py took 0.102 seconds
[2023-02-15T21:01:13.916+0000] {processor.py:153} INFO - Started process (PID=1607) to work on /opt/airflow/dags/2.-pythonOperator.py
[2023-02-15T21:01:13.918+0000] {processor.py:743} INFO - Processing file /opt/airflow/dags/2.-pythonOperator.py for tasks to queue
[2023-02-15T21:01:13.918+0000] {logging_mixin.py:137} INFO - [2023-02-15T21:01:13.918+0000] {dagbag.py:538} INFO - Filling up the DagBag from /opt/airflow/dags/2.-pythonOperator.py
[2023-02-15T21:01:13.934+0000] {processor.py:753} INFO - DAG(s) dict_keys(['pythonoperator']) retrieved from /opt/airflow/dags/2.-pythonOperator.py
[2023-02-15T21:01:13.961+0000] {logging_mixin.py:137} INFO - [2023-02-15T21:01:13.961+0000] {dag.py:2690} INFO - Sync 1 DAGs
[2023-02-15T21:01:13.989+0000] {logging_mixin.py:137} INFO - [2023-02-15T21:01:13.989+0000] {dag.py:3441} INFO - Setting next_dagrun for pythonoperator to None, run_after=None
[2023-02-15T21:01:14.008+0000] {processor.py:175} INFO - Processing /opt/airflow/dags/2.-pythonOperator.py took 0.095 seconds
[2023-02-15T21:01:44.266+0000] {processor.py:153} INFO - Started process (PID=1642) to work on /opt/airflow/dags/2.-pythonOperator.py
[2023-02-15T21:01:44.274+0000] {processor.py:743} INFO - Processing file /opt/airflow/dags/2.-pythonOperator.py for tasks to queue
[2023-02-15T21:01:44.275+0000] {logging_mixin.py:137} INFO - [2023-02-15T21:01:44.274+0000] {dagbag.py:538} INFO - Filling up the DagBag from /opt/airflow/dags/2.-pythonOperator.py
[2023-02-15T21:01:44.287+0000] {processor.py:753} INFO - DAG(s) dict_keys(['pythonoperator']) retrieved from /opt/airflow/dags/2.-pythonOperator.py
[2023-02-15T21:01:44.304+0000] {logging_mixin.py:137} INFO - [2023-02-15T21:01:44.304+0000] {dag.py:2690} INFO - Sync 1 DAGs
[2023-02-15T21:01:44.323+0000] {logging_mixin.py:137} INFO - [2023-02-15T21:01:44.323+0000] {dag.py:3441} INFO - Setting next_dagrun for pythonoperator to None, run_after=None
[2023-02-15T21:01:44.338+0000] {processor.py:175} INFO - Processing /opt/airflow/dags/2.-pythonOperator.py took 0.075 seconds
[2023-02-15T21:02:14.522+0000] {processor.py:153} INFO - Started process (PID=1693) to work on /opt/airflow/dags/2.-pythonOperator.py
[2023-02-15T21:02:14.530+0000] {processor.py:743} INFO - Processing file /opt/airflow/dags/2.-pythonOperator.py for tasks to queue
[2023-02-15T21:02:14.531+0000] {logging_mixin.py:137} INFO - [2023-02-15T21:02:14.531+0000] {dagbag.py:538} INFO - Filling up the DagBag from /opt/airflow/dags/2.-pythonOperator.py
[2023-02-15T21:02:14.542+0000] {processor.py:753} INFO - DAG(s) dict_keys(['pythonoperator']) retrieved from /opt/airflow/dags/2.-pythonOperator.py
[2023-02-15T21:02:14.560+0000] {logging_mixin.py:137} INFO - [2023-02-15T21:02:14.560+0000] {dag.py:2690} INFO - Sync 1 DAGs
[2023-02-15T21:02:14.580+0000] {logging_mixin.py:137} INFO - [2023-02-15T21:02:14.580+0000] {dag.py:3441} INFO - Setting next_dagrun for pythonoperator to None, run_after=None
[2023-02-15T21:02:14.596+0000] {processor.py:175} INFO - Processing /opt/airflow/dags/2.-pythonOperator.py took 0.077 seconds
[2023-02-15T21:02:44.852+0000] {processor.py:153} INFO - Started process (PID=1728) to work on /opt/airflow/dags/2.-pythonOperator.py
[2023-02-15T21:02:44.860+0000] {processor.py:743} INFO - Processing file /opt/airflow/dags/2.-pythonOperator.py for tasks to queue
[2023-02-15T21:02:44.861+0000] {logging_mixin.py:137} INFO - [2023-02-15T21:02:44.861+0000] {dagbag.py:538} INFO - Filling up the DagBag from /opt/airflow/dags/2.-pythonOperator.py
[2023-02-15T21:02:44.874+0000] {processor.py:753} INFO - DAG(s) dict_keys(['pythonoperator']) retrieved from /opt/airflow/dags/2.-pythonOperator.py
[2023-02-15T21:02:44.896+0000] {logging_mixin.py:137} INFO - [2023-02-15T21:02:44.896+0000] {dag.py:2690} INFO - Sync 1 DAGs
[2023-02-15T21:02:44.922+0000] {logging_mixin.py:137} INFO - [2023-02-15T21:02:44.922+0000] {dag.py:3441} INFO - Setting next_dagrun for pythonoperator to None, run_after=None
[2023-02-15T21:02:44.943+0000] {processor.py:175} INFO - Processing /opt/airflow/dags/2.-pythonOperator.py took 0.095 seconds
[2023-02-15T21:03:15.139+0000] {processor.py:153} INFO - Started process (PID=1778) to work on /opt/airflow/dags/2.-pythonOperator.py
[2023-02-15T21:03:15.141+0000] {processor.py:743} INFO - Processing file /opt/airflow/dags/2.-pythonOperator.py for tasks to queue
[2023-02-15T21:03:15.142+0000] {logging_mixin.py:137} INFO - [2023-02-15T21:03:15.142+0000] {dagbag.py:538} INFO - Filling up the DagBag from /opt/airflow/dags/2.-pythonOperator.py
[2023-02-15T21:03:15.161+0000] {processor.py:753} INFO - DAG(s) dict_keys(['pythonoperator']) retrieved from /opt/airflow/dags/2.-pythonOperator.py
[2023-02-15T21:03:15.194+0000] {logging_mixin.py:137} INFO - [2023-02-15T21:03:15.193+0000] {dag.py:2690} INFO - Sync 1 DAGs
[2023-02-15T21:03:15.235+0000] {logging_mixin.py:137} INFO - [2023-02-15T21:03:15.234+0000] {dag.py:3441} INFO - Setting next_dagrun for pythonoperator to None, run_after=None
[2023-02-15T21:03:15.274+0000] {processor.py:175} INFO - Processing /opt/airflow/dags/2.-pythonOperator.py took 0.140 seconds
[2023-02-15T21:03:45.534+0000] {processor.py:153} INFO - Started process (PID=1813) to work on /opt/airflow/dags/2.-pythonOperator.py
[2023-02-15T21:03:45.536+0000] {processor.py:743} INFO - Processing file /opt/airflow/dags/2.-pythonOperator.py for tasks to queue
[2023-02-15T21:03:45.537+0000] {logging_mixin.py:137} INFO - [2023-02-15T21:03:45.537+0000] {dagbag.py:538} INFO - Filling up the DagBag from /opt/airflow/dags/2.-pythonOperator.py
[2023-02-15T21:03:45.550+0000] {processor.py:753} INFO - DAG(s) dict_keys(['pythonoperator']) retrieved from /opt/airflow/dags/2.-pythonOperator.py
[2023-02-15T21:03:45.570+0000] {logging_mixin.py:137} INFO - [2023-02-15T21:03:45.570+0000] {dag.py:2690} INFO - Sync 1 DAGs
[2023-02-15T21:03:45.595+0000] {logging_mixin.py:137} INFO - [2023-02-15T21:03:45.595+0000] {dag.py:3441} INFO - Setting next_dagrun for pythonoperator to None, run_after=None
[2023-02-15T21:03:45.612+0000] {processor.py:175} INFO - Processing /opt/airflow/dags/2.-pythonOperator.py took 0.080 seconds
[2023-02-15T21:04:16.028+0000] {processor.py:153} INFO - Started process (PID=1857) to work on /opt/airflow/dags/2.-pythonOperator.py
[2023-02-15T21:04:16.029+0000] {processor.py:743} INFO - Processing file /opt/airflow/dags/2.-pythonOperator.py for tasks to queue
[2023-02-15T21:04:16.030+0000] {logging_mixin.py:137} INFO - [2023-02-15T21:04:16.029+0000] {dagbag.py:538} INFO - Filling up the DagBag from /opt/airflow/dags/2.-pythonOperator.py
[2023-02-15T21:04:16.047+0000] {processor.py:753} INFO - DAG(s) dict_keys(['pythonoperator']) retrieved from /opt/airflow/dags/2.-pythonOperator.py
[2023-02-15T21:04:16.080+0000] {logging_mixin.py:137} INFO - [2023-02-15T21:04:16.080+0000] {dag.py:2690} INFO - Sync 1 DAGs
[2023-02-15T21:04:16.124+0000] {logging_mixin.py:137} INFO - [2023-02-15T21:04:16.124+0000] {dag.py:3441} INFO - Setting next_dagrun for pythonoperator to None, run_after=None
[2023-02-15T21:04:16.155+0000] {processor.py:175} INFO - Processing /opt/airflow/dags/2.-pythonOperator.py took 0.132 seconds
[2023-02-15T21:04:46.545+0000] {processor.py:153} INFO - Started process (PID=1912) to work on /opt/airflow/dags/2.-pythonOperator.py
[2023-02-15T21:04:46.547+0000] {processor.py:743} INFO - Processing file /opt/airflow/dags/2.-pythonOperator.py for tasks to queue
[2023-02-15T21:04:46.548+0000] {logging_mixin.py:137} INFO - [2023-02-15T21:04:46.548+0000] {dagbag.py:538} INFO - Filling up the DagBag from /opt/airflow/dags/2.-pythonOperator.py
[2023-02-15T21:04:46.560+0000] {processor.py:753} INFO - DAG(s) dict_keys(['pythonoperator']) retrieved from /opt/airflow/dags/2.-pythonOperator.py
[2023-02-15T21:04:46.585+0000] {logging_mixin.py:137} INFO - [2023-02-15T21:04:46.585+0000] {dag.py:2690} INFO - Sync 1 DAGs
[2023-02-15T21:04:46.614+0000] {logging_mixin.py:137} INFO - [2023-02-15T21:04:46.614+0000] {dag.py:3441} INFO - Setting next_dagrun for pythonoperator to None, run_after=None
[2023-02-15T21:04:46.636+0000] {processor.py:175} INFO - Processing /opt/airflow/dags/2.-pythonOperator.py took 0.093 seconds
[2023-02-15T21:05:17.255+0000] {processor.py:153} INFO - Started process (PID=1956) to work on /opt/airflow/dags/2.-pythonOperator.py
[2023-02-15T21:05:17.263+0000] {processor.py:743} INFO - Processing file /opt/airflow/dags/2.-pythonOperator.py for tasks to queue
[2023-02-15T21:05:17.264+0000] {logging_mixin.py:137} INFO - [2023-02-15T21:05:17.264+0000] {dagbag.py:538} INFO - Filling up the DagBag from /opt/airflow/dags/2.-pythonOperator.py
[2023-02-15T21:05:17.280+0000] {processor.py:753} INFO - DAG(s) dict_keys(['pythonoperator']) retrieved from /opt/airflow/dags/2.-pythonOperator.py
[2023-02-15T21:05:17.311+0000] {logging_mixin.py:137} INFO - [2023-02-15T21:05:17.311+0000] {dag.py:2690} INFO - Sync 1 DAGs
[2023-02-15T21:05:17.353+0000] {logging_mixin.py:137} INFO - [2023-02-15T21:05:17.353+0000] {dag.py:3441} INFO - Setting next_dagrun for pythonoperator to None, run_after=None
[2023-02-15T21:05:17.387+0000] {processor.py:175} INFO - Processing /opt/airflow/dags/2.-pythonOperator.py took 0.135 seconds
[2023-02-15T21:05:47.866+0000] {processor.py:153} INFO - Started process (PID=2000) to work on /opt/airflow/dags/2.-pythonOperator.py
[2023-02-15T21:05:47.875+0000] {processor.py:743} INFO - Processing file /opt/airflow/dags/2.-pythonOperator.py for tasks to queue
[2023-02-15T21:05:47.876+0000] {logging_mixin.py:137} INFO - [2023-02-15T21:05:47.875+0000] {dagbag.py:538} INFO - Filling up the DagBag from /opt/airflow/dags/2.-pythonOperator.py
[2023-02-15T21:05:47.885+0000] {processor.py:753} INFO - DAG(s) dict_keys(['pythonoperator']) retrieved from /opt/airflow/dags/2.-pythonOperator.py
[2023-02-15T21:05:47.900+0000] {logging_mixin.py:137} INFO - [2023-02-15T21:05:47.900+0000] {dag.py:2690} INFO - Sync 1 DAGs
[2023-02-15T21:05:47.917+0000] {logging_mixin.py:137} INFO - [2023-02-15T21:05:47.917+0000] {dag.py:3441} INFO - Setting next_dagrun for pythonoperator to None, run_after=None
[2023-02-15T21:05:47.930+0000] {processor.py:175} INFO - Processing /opt/airflow/dags/2.-pythonOperator.py took 0.065 seconds
[2023-02-15T21:06:18.430+0000] {processor.py:153} INFO - Started process (PID=2054) to work on /opt/airflow/dags/2.-pythonOperator.py
[2023-02-15T21:06:18.438+0000] {processor.py:743} INFO - Processing file /opt/airflow/dags/2.-pythonOperator.py for tasks to queue
[2023-02-15T21:06:18.439+0000] {logging_mixin.py:137} INFO - [2023-02-15T21:06:18.438+0000] {dagbag.py:538} INFO - Filling up the DagBag from /opt/airflow/dags/2.-pythonOperator.py
[2023-02-15T21:06:18.453+0000] {processor.py:753} INFO - DAG(s) dict_keys(['pythonoperator']) retrieved from /opt/airflow/dags/2.-pythonOperator.py
[2023-02-15T21:06:18.469+0000] {logging_mixin.py:137} INFO - [2023-02-15T21:06:18.469+0000] {dag.py:2690} INFO - Sync 1 DAGs
[2023-02-15T21:06:18.488+0000] {logging_mixin.py:137} INFO - [2023-02-15T21:06:18.488+0000] {dag.py:3441} INFO - Setting next_dagrun for pythonoperator to None, run_after=None
[2023-02-15T21:06:18.503+0000] {processor.py:175} INFO - Processing /opt/airflow/dags/2.-pythonOperator.py took 0.078 seconds
[2023-02-15T21:06:49.033+0000] {processor.py:153} INFO - Started process (PID=2093) to work on /opt/airflow/dags/2.-pythonOperator.py
[2023-02-15T21:06:49.041+0000] {processor.py:743} INFO - Processing file /opt/airflow/dags/2.-pythonOperator.py for tasks to queue
[2023-02-15T21:06:49.042+0000] {logging_mixin.py:137} INFO - [2023-02-15T21:06:49.042+0000] {dagbag.py:538} INFO - Filling up the DagBag from /opt/airflow/dags/2.-pythonOperator.py
[2023-02-15T21:06:49.064+0000] {processor.py:753} INFO - DAG(s) dict_keys(['pythonoperator']) retrieved from /opt/airflow/dags/2.-pythonOperator.py
[2023-02-15T21:06:49.107+0000] {logging_mixin.py:137} INFO - [2023-02-15T21:06:49.107+0000] {dag.py:2690} INFO - Sync 1 DAGs
[2023-02-15T21:06:49.169+0000] {logging_mixin.py:137} INFO - [2023-02-15T21:06:49.168+0000] {dag.py:3441} INFO - Setting next_dagrun for pythonoperator to None, run_after=None
[2023-02-15T21:06:49.217+0000] {processor.py:175} INFO - Processing /opt/airflow/dags/2.-pythonOperator.py took 0.189 seconds
[2023-02-15T21:07:19.289+0000] {processor.py:153} INFO - Started process (PID=2128) to work on /opt/airflow/dags/2.-pythonOperator.py
[2023-02-15T21:07:19.291+0000] {processor.py:743} INFO - Processing file /opt/airflow/dags/2.-pythonOperator.py for tasks to queue
[2023-02-15T21:07:19.292+0000] {logging_mixin.py:137} INFO - [2023-02-15T21:07:19.292+0000] {dagbag.py:538} INFO - Filling up the DagBag from /opt/airflow/dags/2.-pythonOperator.py
[2023-02-15T21:07:19.312+0000] {processor.py:753} INFO - DAG(s) dict_keys(['pythonoperator']) retrieved from /opt/airflow/dags/2.-pythonOperator.py
[2023-02-15T21:07:19.340+0000] {logging_mixin.py:137} INFO - [2023-02-15T21:07:19.340+0000] {dag.py:2690} INFO - Sync 1 DAGs
[2023-02-15T21:07:19.369+0000] {logging_mixin.py:137} INFO - [2023-02-15T21:07:19.369+0000] {dag.py:3441} INFO - Setting next_dagrun for pythonoperator to None, run_after=None
[2023-02-15T21:07:19.389+0000] {processor.py:175} INFO - Processing /opt/airflow/dags/2.-pythonOperator.py took 0.104 seconds
[2023-02-15T21:07:50.011+0000] {processor.py:153} INFO - Started process (PID=2184) to work on /opt/airflow/dags/2.-pythonOperator.py
[2023-02-15T21:07:50.013+0000] {processor.py:743} INFO - Processing file /opt/airflow/dags/2.-pythonOperator.py for tasks to queue
[2023-02-15T21:07:50.013+0000] {logging_mixin.py:137} INFO - [2023-02-15T21:07:50.013+0000] {dagbag.py:538} INFO - Filling up the DagBag from /opt/airflow/dags/2.-pythonOperator.py
[2023-02-15T21:07:50.026+0000] {processor.py:753} INFO - DAG(s) dict_keys(['pythonoperator']) retrieved from /opt/airflow/dags/2.-pythonOperator.py
[2023-02-15T21:07:50.049+0000] {logging_mixin.py:137} INFO - [2023-02-15T21:07:50.049+0000] {dag.py:2690} INFO - Sync 1 DAGs
[2023-02-15T21:07:50.071+0000] {logging_mixin.py:137} INFO - [2023-02-15T21:07:50.071+0000] {dag.py:3441} INFO - Setting next_dagrun for pythonoperator to None, run_after=None
[2023-02-15T21:07:50.088+0000] {processor.py:175} INFO - Processing /opt/airflow/dags/2.-pythonOperator.py took 0.080 seconds
[2023-02-15T21:08:20.319+0000] {processor.py:153} INFO - Started process (PID=2220) to work on /opt/airflow/dags/2.-pythonOperator.py
[2023-02-15T21:08:20.327+0000] {processor.py:743} INFO - Processing file /opt/airflow/dags/2.-pythonOperator.py for tasks to queue
[2023-02-15T21:08:20.328+0000] {logging_mixin.py:137} INFO - [2023-02-15T21:08:20.328+0000] {dagbag.py:538} INFO - Filling up the DagBag from /opt/airflow/dags/2.-pythonOperator.py
[2023-02-15T21:08:20.343+0000] {processor.py:753} INFO - DAG(s) dict_keys(['pythonoperator']) retrieved from /opt/airflow/dags/2.-pythonOperator.py
[2023-02-15T21:08:20.369+0000] {logging_mixin.py:137} INFO - [2023-02-15T21:08:20.369+0000] {dag.py:2690} INFO - Sync 1 DAGs
[2023-02-15T21:08:20.399+0000] {logging_mixin.py:137} INFO - [2023-02-15T21:08:20.398+0000] {dag.py:3441} INFO - Setting next_dagrun for pythonoperator to None, run_after=None
[2023-02-15T21:08:20.422+0000] {processor.py:175} INFO - Processing /opt/airflow/dags/2.-pythonOperator.py took 0.106 seconds
[2023-02-15T21:08:50.944+0000] {processor.py:153} INFO - Started process (PID=2275) to work on /opt/airflow/dags/2.-pythonOperator.py
[2023-02-15T21:08:50.946+0000] {processor.py:743} INFO - Processing file /opt/airflow/dags/2.-pythonOperator.py for tasks to queue
[2023-02-15T21:08:50.946+0000] {logging_mixin.py:137} INFO - [2023-02-15T21:08:50.946+0000] {dagbag.py:538} INFO - Filling up the DagBag from /opt/airflow/dags/2.-pythonOperator.py
[2023-02-15T21:08:50.957+0000] {processor.py:753} INFO - DAG(s) dict_keys(['pythonoperator']) retrieved from /opt/airflow/dags/2.-pythonOperator.py
[2023-02-15T21:08:50.978+0000] {logging_mixin.py:137} INFO - [2023-02-15T21:08:50.977+0000] {dag.py:2690} INFO - Sync 1 DAGs
[2023-02-15T21:08:51.004+0000] {logging_mixin.py:137} INFO - [2023-02-15T21:08:51.003+0000] {dag.py:3441} INFO - Setting next_dagrun for pythonoperator to None, run_after=None
[2023-02-15T21:08:51.020+0000] {processor.py:175} INFO - Processing /opt/airflow/dags/2.-pythonOperator.py took 0.078 seconds
[2023-02-15T21:09:21.236+0000] {processor.py:153} INFO - Started process (PID=2311) to work on /opt/airflow/dags/2.-pythonOperator.py
[2023-02-15T21:09:21.244+0000] {processor.py:743} INFO - Processing file /opt/airflow/dags/2.-pythonOperator.py for tasks to queue
[2023-02-15T21:09:21.245+0000] {logging_mixin.py:137} INFO - [2023-02-15T21:09:21.245+0000] {dagbag.py:538} INFO - Filling up the DagBag from /opt/airflow/dags/2.-pythonOperator.py
[2023-02-15T21:09:21.259+0000] {processor.py:753} INFO - DAG(s) dict_keys(['pythonoperator']) retrieved from /opt/airflow/dags/2.-pythonOperator.py
[2023-02-15T21:09:21.283+0000] {logging_mixin.py:137} INFO - [2023-02-15T21:09:21.283+0000] {dag.py:2690} INFO - Sync 1 DAGs
[2023-02-15T21:09:21.307+0000] {logging_mixin.py:137} INFO - [2023-02-15T21:09:21.307+0000] {dag.py:3441} INFO - Setting next_dagrun for pythonoperator to None, run_after=None
[2023-02-15T21:09:21.327+0000] {processor.py:175} INFO - Processing /opt/airflow/dags/2.-pythonOperator.py took 0.094 seconds
[2023-02-15T21:09:51.516+0000] {processor.py:153} INFO - Started process (PID=2356) to work on /opt/airflow/dags/2.-pythonOperator.py
[2023-02-15T21:09:51.525+0000] {processor.py:743} INFO - Processing file /opt/airflow/dags/2.-pythonOperator.py for tasks to queue
[2023-02-15T21:09:51.525+0000] {logging_mixin.py:137} INFO - [2023-02-15T21:09:51.525+0000] {dagbag.py:538} INFO - Filling up the DagBag from /opt/airflow/dags/2.-pythonOperator.py
[2023-02-15T21:09:51.538+0000] {processor.py:753} INFO - DAG(s) dict_keys(['pythonoperator']) retrieved from /opt/airflow/dags/2.-pythonOperator.py
[2023-02-15T21:09:51.557+0000] {logging_mixin.py:137} INFO - [2023-02-15T21:09:51.557+0000] {dag.py:2690} INFO - Sync 1 DAGs
[2023-02-15T21:09:51.580+0000] {logging_mixin.py:137} INFO - [2023-02-15T21:09:51.580+0000] {dag.py:3441} INFO - Setting next_dagrun for pythonoperator to None, run_after=None
[2023-02-15T21:09:51.603+0000] {processor.py:175} INFO - Processing /opt/airflow/dags/2.-pythonOperator.py took 0.090 seconds
[2023-02-15T21:10:21.863+0000] {processor.py:153} INFO - Started process (PID=2400) to work on /opt/airflow/dags/2.-pythonOperator.py
[2023-02-15T21:10:21.871+0000] {processor.py:743} INFO - Processing file /opt/airflow/dags/2.-pythonOperator.py for tasks to queue
[2023-02-15T21:10:21.871+0000] {logging_mixin.py:137} INFO - [2023-02-15T21:10:21.871+0000] {dagbag.py:538} INFO - Filling up the DagBag from /opt/airflow/dags/2.-pythonOperator.py
[2023-02-15T21:10:21.880+0000] {processor.py:753} INFO - DAG(s) dict_keys(['pythonoperator']) retrieved from /opt/airflow/dags/2.-pythonOperator.py
[2023-02-15T21:10:21.900+0000] {logging_mixin.py:137} INFO - [2023-02-15T21:10:21.900+0000] {dag.py:2690} INFO - Sync 1 DAGs
[2023-02-15T21:10:21.921+0000] {logging_mixin.py:137} INFO - [2023-02-15T21:10:21.921+0000] {dag.py:3441} INFO - Setting next_dagrun for pythonoperator to None, run_after=None
[2023-02-15T21:10:21.936+0000] {processor.py:175} INFO - Processing /opt/airflow/dags/2.-pythonOperator.py took 0.075 seconds
[2023-02-15T21:10:52.212+0000] {processor.py:153} INFO - Started process (PID=2436) to work on /opt/airflow/dags/2.-pythonOperator.py
[2023-02-15T21:10:52.221+0000] {processor.py:743} INFO - Processing file /opt/airflow/dags/2.-pythonOperator.py for tasks to queue
[2023-02-15T21:10:52.222+0000] {logging_mixin.py:137} INFO - [2023-02-15T21:10:52.222+0000] {dagbag.py:538} INFO - Filling up the DagBag from /opt/airflow/dags/2.-pythonOperator.py
[2023-02-15T21:10:52.235+0000] {processor.py:753} INFO - DAG(s) dict_keys(['pythonoperator']) retrieved from /opt/airflow/dags/2.-pythonOperator.py
[2023-02-15T21:10:52.253+0000] {logging_mixin.py:137} INFO - [2023-02-15T21:10:52.253+0000] {dag.py:2690} INFO - Sync 1 DAGs
[2023-02-15T21:10:52.275+0000] {logging_mixin.py:137} INFO - [2023-02-15T21:10:52.275+0000] {dag.py:3441} INFO - Setting next_dagrun for pythonoperator to None, run_after=None
[2023-02-15T21:10:52.292+0000] {processor.py:175} INFO - Processing /opt/airflow/dags/2.-pythonOperator.py took 0.083 seconds
[2023-02-15T21:11:22.503+0000] {processor.py:153} INFO - Started process (PID=2488) to work on /opt/airflow/dags/2.-pythonOperator.py
[2023-02-15T21:11:22.511+0000] {processor.py:743} INFO - Processing file /opt/airflow/dags/2.-pythonOperator.py for tasks to queue
[2023-02-15T21:11:22.512+0000] {logging_mixin.py:137} INFO - [2023-02-15T21:11:22.512+0000] {dagbag.py:538} INFO - Filling up the DagBag from /opt/airflow/dags/2.-pythonOperator.py
[2023-02-15T21:11:22.526+0000] {processor.py:753} INFO - DAG(s) dict_keys(['pythonoperator']) retrieved from /opt/airflow/dags/2.-pythonOperator.py
[2023-02-15T21:11:22.547+0000] {logging_mixin.py:137} INFO - [2023-02-15T21:11:22.547+0000] {dag.py:2690} INFO - Sync 1 DAGs
[2023-02-15T21:11:22.574+0000] {logging_mixin.py:137} INFO - [2023-02-15T21:11:22.574+0000] {dag.py:3441} INFO - Setting next_dagrun for pythonoperator to None, run_after=None
[2023-02-15T21:11:22.590+0000] {processor.py:175} INFO - Processing /opt/airflow/dags/2.-pythonOperator.py took 0.091 seconds
[2023-02-15T21:11:52.852+0000] {processor.py:153} INFO - Started process (PID=2524) to work on /opt/airflow/dags/2.-pythonOperator.py
[2023-02-15T21:11:52.854+0000] {processor.py:743} INFO - Processing file /opt/airflow/dags/2.-pythonOperator.py for tasks to queue
[2023-02-15T21:11:52.855+0000] {logging_mixin.py:137} INFO - [2023-02-15T21:11:52.855+0000] {dagbag.py:538} INFO - Filling up the DagBag from /opt/airflow/dags/2.-pythonOperator.py
[2023-02-15T21:11:52.866+0000] {processor.py:753} INFO - DAG(s) dict_keys(['pythonoperator']) retrieved from /opt/airflow/dags/2.-pythonOperator.py
[2023-02-15T21:11:52.883+0000] {logging_mixin.py:137} INFO - [2023-02-15T21:11:52.883+0000] {dag.py:2690} INFO - Sync 1 DAGs
[2023-02-15T21:11:52.904+0000] {logging_mixin.py:137} INFO - [2023-02-15T21:11:52.904+0000] {dag.py:3441} INFO - Setting next_dagrun for pythonoperator to None, run_after=None
[2023-02-15T21:11:52.919+0000] {processor.py:175} INFO - Processing /opt/airflow/dags/2.-pythonOperator.py took 0.071 seconds
[2023-02-15T21:12:23.204+0000] {processor.py:153} INFO - Started process (PID=2580) to work on /opt/airflow/dags/2.-pythonOperator.py
[2023-02-15T21:12:23.213+0000] {processor.py:743} INFO - Processing file /opt/airflow/dags/2.-pythonOperator.py for tasks to queue
[2023-02-15T21:12:23.213+0000] {logging_mixin.py:137} INFO - [2023-02-15T21:12:23.213+0000] {dagbag.py:538} INFO - Filling up the DagBag from /opt/airflow/dags/2.-pythonOperator.py
[2023-02-15T21:12:23.226+0000] {processor.py:753} INFO - DAG(s) dict_keys(['pythonoperator']) retrieved from /opt/airflow/dags/2.-pythonOperator.py
[2023-02-15T21:12:23.247+0000] {logging_mixin.py:137} INFO - [2023-02-15T21:12:23.247+0000] {dag.py:2690} INFO - Sync 1 DAGs
[2023-02-15T21:12:23.271+0000] {logging_mixin.py:137} INFO - [2023-02-15T21:12:23.271+0000] {dag.py:3441} INFO - Setting next_dagrun for pythonoperator to None, run_after=None
[2023-02-15T21:12:23.289+0000] {processor.py:175} INFO - Processing /opt/airflow/dags/2.-pythonOperator.py took 0.088 seconds
[2023-02-15T21:12:53.549+0000] {processor.py:153} INFO - Started process (PID=2616) to work on /opt/airflow/dags/2.-pythonOperator.py
[2023-02-15T21:12:53.558+0000] {processor.py:743} INFO - Processing file /opt/airflow/dags/2.-pythonOperator.py for tasks to queue
[2023-02-15T21:12:53.559+0000] {logging_mixin.py:137} INFO - [2023-02-15T21:12:53.559+0000] {dagbag.py:538} INFO - Filling up the DagBag from /opt/airflow/dags/2.-pythonOperator.py
[2023-02-15T21:12:53.571+0000] {processor.py:753} INFO - DAG(s) dict_keys(['pythonoperator']) retrieved from /opt/airflow/dags/2.-pythonOperator.py
[2023-02-15T21:12:53.594+0000] {logging_mixin.py:137} INFO - [2023-02-15T21:12:53.594+0000] {dag.py:2690} INFO - Sync 1 DAGs
[2023-02-15T21:12:53.619+0000] {logging_mixin.py:137} INFO - [2023-02-15T21:12:53.619+0000] {dag.py:3441} INFO - Setting next_dagrun for pythonoperator to None, run_after=None
[2023-02-15T21:12:53.644+0000] {processor.py:175} INFO - Processing /opt/airflow/dags/2.-pythonOperator.py took 0.097 seconds
[2023-02-15T21:13:23.944+0000] {processor.py:153} INFO - Started process (PID=2669) to work on /opt/airflow/dags/2.-pythonOperator.py
[2023-02-15T21:13:23.952+0000] {processor.py:743} INFO - Processing file /opt/airflow/dags/2.-pythonOperator.py for tasks to queue
[2023-02-15T21:13:23.953+0000] {logging_mixin.py:137} INFO - [2023-02-15T21:13:23.953+0000] {dagbag.py:538} INFO - Filling up the DagBag from /opt/airflow/dags/2.-pythonOperator.py
[2023-02-15T21:13:23.963+0000] {processor.py:753} INFO - DAG(s) dict_keys(['pythonoperator']) retrieved from /opt/airflow/dags/2.-pythonOperator.py
[2023-02-15T21:13:23.978+0000] {logging_mixin.py:137} INFO - [2023-02-15T21:13:23.978+0000] {dag.py:2690} INFO - Sync 1 DAGs
[2023-02-15T21:13:23.998+0000] {logging_mixin.py:137} INFO - [2023-02-15T21:13:23.998+0000] {dag.py:3441} INFO - Setting next_dagrun for pythonoperator to None, run_after=None
[2023-02-15T21:13:24.013+0000] {processor.py:175} INFO - Processing /opt/airflow/dags/2.-pythonOperator.py took 0.071 seconds
[2023-02-15T21:13:54.342+0000] {processor.py:153} INFO - Started process (PID=2705) to work on /opt/airflow/dags/2.-pythonOperator.py
[2023-02-15T21:13:54.351+0000] {processor.py:743} INFO - Processing file /opt/airflow/dags/2.-pythonOperator.py for tasks to queue
[2023-02-15T21:13:54.351+0000] {logging_mixin.py:137} INFO - [2023-02-15T21:13:54.351+0000] {dagbag.py:538} INFO - Filling up the DagBag from /opt/airflow/dags/2.-pythonOperator.py
[2023-02-15T21:13:54.370+0000] {processor.py:753} INFO - DAG(s) dict_keys(['pythonoperator']) retrieved from /opt/airflow/dags/2.-pythonOperator.py
[2023-02-15T21:13:54.399+0000] {logging_mixin.py:137} INFO - [2023-02-15T21:13:54.399+0000] {dag.py:2690} INFO - Sync 1 DAGs
[2023-02-15T21:13:54.431+0000] {logging_mixin.py:137} INFO - [2023-02-15T21:13:54.431+0000] {dag.py:3441} INFO - Setting next_dagrun for pythonoperator to None, run_after=None
[2023-02-15T21:13:54.455+0000] {processor.py:175} INFO - Processing /opt/airflow/dags/2.-pythonOperator.py took 0.116 seconds
[2023-02-15T21:14:24.784+0000] {processor.py:153} INFO - Started process (PID=2742) to work on /opt/airflow/dags/2.-pythonOperator.py
[2023-02-15T21:14:24.785+0000] {processor.py:743} INFO - Processing file /opt/airflow/dags/2.-pythonOperator.py for tasks to queue
[2023-02-15T21:14:24.785+0000] {logging_mixin.py:137} INFO - [2023-02-15T21:14:24.785+0000] {dagbag.py:538} INFO - Filling up the DagBag from /opt/airflow/dags/2.-pythonOperator.py
[2023-02-15T21:14:24.801+0000] {processor.py:753} INFO - DAG(s) dict_keys(['pythonoperator']) retrieved from /opt/airflow/dags/2.-pythonOperator.py
[2023-02-15T21:14:24.827+0000] {logging_mixin.py:137} INFO - [2023-02-15T21:14:24.827+0000] {dag.py:2690} INFO - Sync 1 DAGs
[2023-02-15T21:14:24.860+0000] {logging_mixin.py:137} INFO - [2023-02-15T21:14:24.859+0000] {dag.py:3441} INFO - Setting next_dagrun for pythonoperator to None, run_after=None
[2023-02-15T21:14:24.881+0000] {processor.py:175} INFO - Processing /opt/airflow/dags/2.-pythonOperator.py took 0.100 seconds
[2023-02-15T21:14:55.166+0000] {processor.py:153} INFO - Started process (PID=2794) to work on /opt/airflow/dags/2.-pythonOperator.py
[2023-02-15T21:14:55.168+0000] {processor.py:743} INFO - Processing file /opt/airflow/dags/2.-pythonOperator.py for tasks to queue
[2023-02-15T21:14:55.169+0000] {logging_mixin.py:137} INFO - [2023-02-15T21:14:55.169+0000] {dagbag.py:538} INFO - Filling up the DagBag from /opt/airflow/dags/2.-pythonOperator.py
[2023-02-15T21:14:55.182+0000] {processor.py:753} INFO - DAG(s) dict_keys(['pythonoperator']) retrieved from /opt/airflow/dags/2.-pythonOperator.py
[2023-02-15T21:14:55.206+0000] {logging_mixin.py:137} INFO - [2023-02-15T21:14:55.206+0000] {dag.py:2690} INFO - Sync 1 DAGs
[2023-02-15T21:14:55.235+0000] {logging_mixin.py:137} INFO - [2023-02-15T21:14:55.234+0000] {dag.py:3441} INFO - Setting next_dagrun for pythonoperator to None, run_after=None
[2023-02-15T21:14:55.256+0000] {processor.py:175} INFO - Processing /opt/airflow/dags/2.-pythonOperator.py took 0.093 seconds
[2023-02-15T21:15:25.594+0000] {processor.py:153} INFO - Started process (PID=2831) to work on /opt/airflow/dags/2.-pythonOperator.py
[2023-02-15T21:15:25.596+0000] {processor.py:743} INFO - Processing file /opt/airflow/dags/2.-pythonOperator.py for tasks to queue
[2023-02-15T21:15:25.596+0000] {logging_mixin.py:137} INFO - [2023-02-15T21:15:25.596+0000] {dagbag.py:538} INFO - Filling up the DagBag from /opt/airflow/dags/2.-pythonOperator.py
[2023-02-15T21:15:25.607+0000] {processor.py:753} INFO - DAG(s) dict_keys(['pythonoperator']) retrieved from /opt/airflow/dags/2.-pythonOperator.py
[2023-02-15T21:15:25.630+0000] {logging_mixin.py:137} INFO - [2023-02-15T21:15:25.629+0000] {dag.py:2690} INFO - Sync 1 DAGs
[2023-02-15T21:15:25.651+0000] {logging_mixin.py:137} INFO - [2023-02-15T21:15:25.651+0000] {dag.py:3441} INFO - Setting next_dagrun for pythonoperator to None, run_after=None
[2023-02-15T21:15:25.671+0000] {processor.py:175} INFO - Processing /opt/airflow/dags/2.-pythonOperator.py took 0.081 seconds
[2023-02-15T21:15:55.913+0000] {processor.py:153} INFO - Started process (PID=2874) to work on /opt/airflow/dags/2.-pythonOperator.py
[2023-02-15T21:15:55.914+0000] {processor.py:743} INFO - Processing file /opt/airflow/dags/2.-pythonOperator.py for tasks to queue
[2023-02-15T21:15:55.914+0000] {logging_mixin.py:137} INFO - [2023-02-15T21:15:55.914+0000] {dagbag.py:538} INFO - Filling up the DagBag from /opt/airflow/dags/2.-pythonOperator.py
[2023-02-15T21:15:55.923+0000] {processor.py:753} INFO - DAG(s) dict_keys(['pythonoperator']) retrieved from /opt/airflow/dags/2.-pythonOperator.py
[2023-02-15T21:15:55.941+0000] {logging_mixin.py:137} INFO - [2023-02-15T21:15:55.941+0000] {dag.py:2690} INFO - Sync 1 DAGs
[2023-02-15T21:15:55.963+0000] {logging_mixin.py:137} INFO - [2023-02-15T21:15:55.963+0000] {dag.py:3441} INFO - Setting next_dagrun for pythonoperator to None, run_after=None
[2023-02-15T21:15:55.980+0000] {processor.py:175} INFO - Processing /opt/airflow/dags/2.-pythonOperator.py took 0.069 seconds
[2023-02-15T21:16:26.220+0000] {processor.py:153} INFO - Started process (PID=2918) to work on /opt/airflow/dags/2.-pythonOperator.py
[2023-02-15T21:16:26.228+0000] {processor.py:743} INFO - Processing file /opt/airflow/dags/2.-pythonOperator.py for tasks to queue
[2023-02-15T21:16:26.229+0000] {logging_mixin.py:137} INFO - [2023-02-15T21:16:26.229+0000] {dagbag.py:538} INFO - Filling up the DagBag from /opt/airflow/dags/2.-pythonOperator.py
[2023-02-15T21:16:26.240+0000] {processor.py:753} INFO - DAG(s) dict_keys(['pythonoperator']) retrieved from /opt/airflow/dags/2.-pythonOperator.py
[2023-02-15T21:16:26.260+0000] {logging_mixin.py:137} INFO - [2023-02-15T21:16:26.260+0000] {dag.py:2690} INFO - Sync 1 DAGs
[2023-02-15T21:16:26.285+0000] {logging_mixin.py:137} INFO - [2023-02-15T21:16:26.285+0000] {dag.py:3441} INFO - Setting next_dagrun for pythonoperator to None, run_after=None
[2023-02-15T21:16:26.302+0000] {processor.py:175} INFO - Processing /opt/airflow/dags/2.-pythonOperator.py took 0.083 seconds
[2023-02-15T21:16:56.666+0000] {processor.py:153} INFO - Started process (PID=2954) to work on /opt/airflow/dags/2.-pythonOperator.py
[2023-02-15T21:16:56.668+0000] {processor.py:743} INFO - Processing file /opt/airflow/dags/2.-pythonOperator.py for tasks to queue
[2023-02-15T21:16:56.669+0000] {logging_mixin.py:137} INFO - [2023-02-15T21:16:56.669+0000] {dagbag.py:538} INFO - Filling up the DagBag from /opt/airflow/dags/2.-pythonOperator.py
[2023-02-15T21:16:56.700+0000] {processor.py:753} INFO - DAG(s) dict_keys(['pythonoperator']) retrieved from /opt/airflow/dags/2.-pythonOperator.py
[2023-02-15T21:16:56.747+0000] {logging_mixin.py:137} INFO - [2023-02-15T21:16:56.747+0000] {dag.py:2690} INFO - Sync 1 DAGs
[2023-02-15T21:16:56.805+0000] {logging_mixin.py:137} INFO - [2023-02-15T21:16:56.805+0000] {dag.py:3441} INFO - Setting next_dagrun for pythonoperator to None, run_after=None
[2023-02-15T21:16:56.847+0000] {processor.py:175} INFO - Processing /opt/airflow/dags/2.-pythonOperator.py took 0.187 seconds
[2023-02-15T21:17:27.142+0000] {processor.py:153} INFO - Started process (PID=3006) to work on /opt/airflow/dags/2.-pythonOperator.py
[2023-02-15T21:17:27.146+0000] {processor.py:743} INFO - Processing file /opt/airflow/dags/2.-pythonOperator.py for tasks to queue
[2023-02-15T21:17:27.147+0000] {logging_mixin.py:137} INFO - [2023-02-15T21:17:27.147+0000] {dagbag.py:538} INFO - Filling up the DagBag from /opt/airflow/dags/2.-pythonOperator.py
[2023-02-15T21:17:27.173+0000] {processor.py:753} INFO - DAG(s) dict_keys(['pythonoperator']) retrieved from /opt/airflow/dags/2.-pythonOperator.py
[2023-02-15T21:17:27.215+0000] {logging_mixin.py:137} INFO - [2023-02-15T21:17:27.214+0000] {dag.py:2690} INFO - Sync 1 DAGs
[2023-02-15T21:17:27.235+0000] {logging_mixin.py:137} INFO - [2023-02-15T21:17:27.235+0000] {dag.py:3441} INFO - Setting next_dagrun for pythonoperator to None, run_after=None
[2023-02-15T21:17:27.250+0000] {processor.py:175} INFO - Processing /opt/airflow/dags/2.-pythonOperator.py took 0.110 seconds
[2023-02-15T21:17:57.523+0000] {processor.py:153} INFO - Started process (PID=3042) to work on /opt/airflow/dags/2.-pythonOperator.py
[2023-02-15T21:17:57.532+0000] {processor.py:743} INFO - Processing file /opt/airflow/dags/2.-pythonOperator.py for tasks to queue
[2023-02-15T21:17:57.533+0000] {logging_mixin.py:137} INFO - [2023-02-15T21:17:57.533+0000] {dagbag.py:538} INFO - Filling up the DagBag from /opt/airflow/dags/2.-pythonOperator.py
[2023-02-15T21:17:57.547+0000] {processor.py:753} INFO - DAG(s) dict_keys(['pythonoperator']) retrieved from /opt/airflow/dags/2.-pythonOperator.py
[2023-02-15T21:17:57.563+0000] {logging_mixin.py:137} INFO - [2023-02-15T21:17:57.563+0000] {dag.py:2690} INFO - Sync 1 DAGs
[2023-02-15T21:17:57.583+0000] {logging_mixin.py:137} INFO - [2023-02-15T21:17:57.583+0000] {dag.py:3441} INFO - Setting next_dagrun for pythonoperator to None, run_after=None
[2023-02-15T21:17:57.598+0000] {processor.py:175} INFO - Processing /opt/airflow/dags/2.-pythonOperator.py took 0.077 seconds
[2023-02-15T21:18:27.860+0000] {processor.py:153} INFO - Started process (PID=3087) to work on /opt/airflow/dags/2.-pythonOperator.py
[2023-02-15T21:18:27.869+0000] {processor.py:743} INFO - Processing file /opt/airflow/dags/2.-pythonOperator.py for tasks to queue
[2023-02-15T21:18:27.869+0000] {logging_mixin.py:137} INFO - [2023-02-15T21:18:27.869+0000] {dagbag.py:538} INFO - Filling up the DagBag from /opt/airflow/dags/2.-pythonOperator.py
[2023-02-15T21:18:27.879+0000] {processor.py:753} INFO - DAG(s) dict_keys(['pythonoperator']) retrieved from /opt/airflow/dags/2.-pythonOperator.py
[2023-02-15T21:18:27.894+0000] {logging_mixin.py:137} INFO - [2023-02-15T21:18:27.894+0000] {dag.py:2690} INFO - Sync 1 DAGs
[2023-02-15T21:18:27.916+0000] {logging_mixin.py:137} INFO - [2023-02-15T21:18:27.915+0000] {dag.py:3441} INFO - Setting next_dagrun for pythonoperator to None, run_after=None
[2023-02-15T21:18:27.936+0000] {processor.py:175} INFO - Processing /opt/airflow/dags/2.-pythonOperator.py took 0.077 seconds
[2023-02-15T21:18:58.220+0000] {processor.py:153} INFO - Started process (PID=3130) to work on /opt/airflow/dags/2.-pythonOperator.py
[2023-02-15T21:18:58.221+0000] {processor.py:743} INFO - Processing file /opt/airflow/dags/2.-pythonOperator.py for tasks to queue
[2023-02-15T21:18:58.222+0000] {logging_mixin.py:137} INFO - [2023-02-15T21:18:58.221+0000] {dagbag.py:538} INFO - Filling up the DagBag from /opt/airflow/dags/2.-pythonOperator.py
[2023-02-15T21:18:58.234+0000] {processor.py:753} INFO - DAG(s) dict_keys(['pythonoperator']) retrieved from /opt/airflow/dags/2.-pythonOperator.py
[2023-02-15T21:18:58.254+0000] {logging_mixin.py:137} INFO - [2023-02-15T21:18:58.254+0000] {dag.py:2690} INFO - Sync 1 DAGs
[2023-02-15T21:18:58.281+0000] {logging_mixin.py:137} INFO - [2023-02-15T21:18:58.281+0000] {dag.py:3441} INFO - Setting next_dagrun for pythonoperator to None, run_after=None
[2023-02-15T21:18:58.302+0000] {processor.py:175} INFO - Processing /opt/airflow/dags/2.-pythonOperator.py took 0.085 seconds
[2023-02-15T21:19:28.582+0000] {processor.py:153} INFO - Started process (PID=3166) to work on /opt/airflow/dags/2.-pythonOperator.py
[2023-02-15T21:19:28.590+0000] {processor.py:743} INFO - Processing file /opt/airflow/dags/2.-pythonOperator.py for tasks to queue
[2023-02-15T21:19:28.590+0000] {logging_mixin.py:137} INFO - [2023-02-15T21:19:28.590+0000] {dagbag.py:538} INFO - Filling up the DagBag from /opt/airflow/dags/2.-pythonOperator.py
[2023-02-15T21:19:28.601+0000] {processor.py:753} INFO - DAG(s) dict_keys(['pythonoperator']) retrieved from /opt/airflow/dags/2.-pythonOperator.py
[2023-02-15T21:19:28.620+0000] {logging_mixin.py:137} INFO - [2023-02-15T21:19:28.620+0000] {dag.py:2690} INFO - Sync 1 DAGs
[2023-02-15T21:19:28.642+0000] {logging_mixin.py:137} INFO - [2023-02-15T21:19:28.642+0000] {dag.py:3441} INFO - Setting next_dagrun for pythonoperator to None, run_after=None
[2023-02-15T21:19:28.656+0000] {processor.py:175} INFO - Processing /opt/airflow/dags/2.-pythonOperator.py took 0.077 seconds
[2023-02-15T21:19:58.907+0000] {processor.py:153} INFO - Started process (PID=3218) to work on /opt/airflow/dags/2.-pythonOperator.py
[2023-02-15T21:19:58.908+0000] {processor.py:743} INFO - Processing file /opt/airflow/dags/2.-pythonOperator.py for tasks to queue
[2023-02-15T21:19:58.908+0000] {logging_mixin.py:137} INFO - [2023-02-15T21:19:58.908+0000] {dagbag.py:538} INFO - Filling up the DagBag from /opt/airflow/dags/2.-pythonOperator.py
[2023-02-15T21:19:58.920+0000] {processor.py:753} INFO - DAG(s) dict_keys(['pythonoperator']) retrieved from /opt/airflow/dags/2.-pythonOperator.py
[2023-02-15T21:19:58.939+0000] {logging_mixin.py:137} INFO - [2023-02-15T21:19:58.938+0000] {dag.py:2690} INFO - Sync 1 DAGs
[2023-02-15T21:19:58.959+0000] {logging_mixin.py:137} INFO - [2023-02-15T21:19:58.959+0000] {dag.py:3441} INFO - Setting next_dagrun for pythonoperator to None, run_after=None
[2023-02-15T21:19:58.975+0000] {processor.py:175} INFO - Processing /opt/airflow/dags/2.-pythonOperator.py took 0.071 seconds
[2023-02-15T21:20:29.214+0000] {processor.py:153} INFO - Started process (PID=3254) to work on /opt/airflow/dags/2.-pythonOperator.py
[2023-02-15T21:20:29.223+0000] {processor.py:743} INFO - Processing file /opt/airflow/dags/2.-pythonOperator.py for tasks to queue
[2023-02-15T21:20:29.224+0000] {logging_mixin.py:137} INFO - [2023-02-15T21:20:29.224+0000] {dagbag.py:538} INFO - Filling up the DagBag from /opt/airflow/dags/2.-pythonOperator.py
[2023-02-15T21:20:29.235+0000] {processor.py:753} INFO - DAG(s) dict_keys(['pythonoperator']) retrieved from /opt/airflow/dags/2.-pythonOperator.py
[2023-02-15T21:20:29.251+0000] {logging_mixin.py:137} INFO - [2023-02-15T21:20:29.251+0000] {dag.py:2690} INFO - Sync 1 DAGs
[2023-02-15T21:20:29.272+0000] {logging_mixin.py:137} INFO - [2023-02-15T21:20:29.272+0000] {dag.py:3441} INFO - Setting next_dagrun for pythonoperator to None, run_after=None
[2023-02-15T21:20:29.287+0000] {processor.py:175} INFO - Processing /opt/airflow/dags/2.-pythonOperator.py took 0.076 seconds
[2023-02-15T21:20:59.577+0000] {processor.py:153} INFO - Started process (PID=3306) to work on /opt/airflow/dags/2.-pythonOperator.py
[2023-02-15T21:20:59.578+0000] {processor.py:743} INFO - Processing file /opt/airflow/dags/2.-pythonOperator.py for tasks to queue
[2023-02-15T21:20:59.579+0000] {logging_mixin.py:137} INFO - [2023-02-15T21:20:59.579+0000] {dagbag.py:538} INFO - Filling up the DagBag from /opt/airflow/dags/2.-pythonOperator.py
[2023-02-15T21:20:59.589+0000] {processor.py:753} INFO - DAG(s) dict_keys(['pythonoperator']) retrieved from /opt/airflow/dags/2.-pythonOperator.py
[2023-02-15T21:20:59.605+0000] {logging_mixin.py:137} INFO - [2023-02-15T21:20:59.605+0000] {dag.py:2690} INFO - Sync 1 DAGs
[2023-02-15T21:20:59.625+0000] {logging_mixin.py:137} INFO - [2023-02-15T21:20:59.624+0000] {dag.py:3441} INFO - Setting next_dagrun for pythonoperator to None, run_after=None
[2023-02-15T21:20:59.640+0000] {processor.py:175} INFO - Processing /opt/airflow/dags/2.-pythonOperator.py took 0.065 seconds
[2023-02-15T21:21:29.880+0000] {processor.py:153} INFO - Started process (PID=3343) to work on /opt/airflow/dags/2.-pythonOperator.py
[2023-02-15T21:21:29.889+0000] {processor.py:743} INFO - Processing file /opt/airflow/dags/2.-pythonOperator.py for tasks to queue
[2023-02-15T21:21:29.890+0000] {logging_mixin.py:137} INFO - [2023-02-15T21:21:29.890+0000] {dagbag.py:538} INFO - Filling up the DagBag from /opt/airflow/dags/2.-pythonOperator.py
[2023-02-15T21:21:29.906+0000] {processor.py:753} INFO - DAG(s) dict_keys(['pythonoperator']) retrieved from /opt/airflow/dags/2.-pythonOperator.py
[2023-02-15T21:21:29.922+0000] {logging_mixin.py:137} INFO - [2023-02-15T21:21:29.922+0000] {dag.py:2690} INFO - Sync 1 DAGs
[2023-02-15T21:21:29.942+0000] {logging_mixin.py:137} INFO - [2023-02-15T21:21:29.942+0000] {dag.py:3441} INFO - Setting next_dagrun for pythonoperator to None, run_after=None
[2023-02-15T21:21:29.957+0000] {processor.py:175} INFO - Processing /opt/airflow/dags/2.-pythonOperator.py took 0.082 seconds
[2023-02-15T21:22:00.222+0000] {processor.py:153} INFO - Started process (PID=3395) to work on /opt/airflow/dags/2.-pythonOperator.py
[2023-02-15T21:22:00.230+0000] {processor.py:743} INFO - Processing file /opt/airflow/dags/2.-pythonOperator.py for tasks to queue
[2023-02-15T21:22:00.231+0000] {logging_mixin.py:137} INFO - [2023-02-15T21:22:00.231+0000] {dagbag.py:538} INFO - Filling up the DagBag from /opt/airflow/dags/2.-pythonOperator.py
[2023-02-15T21:22:00.247+0000] {processor.py:753} INFO - DAG(s) dict_keys(['pythonoperator']) retrieved from /opt/airflow/dags/2.-pythonOperator.py
[2023-02-15T21:22:00.264+0000] {logging_mixin.py:137} INFO - [2023-02-15T21:22:00.264+0000] {dag.py:2690} INFO - Sync 1 DAGs
[2023-02-15T21:22:00.283+0000] {logging_mixin.py:137} INFO - [2023-02-15T21:22:00.283+0000] {dag.py:3441} INFO - Setting next_dagrun for pythonoperator to None, run_after=None
[2023-02-15T21:22:00.298+0000] {processor.py:175} INFO - Processing /opt/airflow/dags/2.-pythonOperator.py took 0.080 seconds
[2023-02-15T21:22:30.557+0000] {processor.py:153} INFO - Started process (PID=3430) to work on /opt/airflow/dags/2.-pythonOperator.py
[2023-02-15T21:22:30.566+0000] {processor.py:743} INFO - Processing file /opt/airflow/dags/2.-pythonOperator.py for tasks to queue
[2023-02-15T21:22:30.566+0000] {logging_mixin.py:137} INFO - [2023-02-15T21:22:30.566+0000] {dagbag.py:538} INFO - Filling up the DagBag from /opt/airflow/dags/2.-pythonOperator.py
[2023-02-15T21:22:30.577+0000] {processor.py:753} INFO - DAG(s) dict_keys(['pythonoperator']) retrieved from /opt/airflow/dags/2.-pythonOperator.py
[2023-02-15T21:22:30.596+0000] {logging_mixin.py:137} INFO - [2023-02-15T21:22:30.596+0000] {dag.py:2690} INFO - Sync 1 DAGs
[2023-02-15T21:22:30.618+0000] {logging_mixin.py:137} INFO - [2023-02-15T21:22:30.618+0000] {dag.py:3441} INFO - Setting next_dagrun for pythonoperator to None, run_after=None
[2023-02-15T21:22:30.633+0000] {processor.py:175} INFO - Processing /opt/airflow/dags/2.-pythonOperator.py took 0.079 seconds
[2023-02-15T21:23:00.879+0000] {processor.py:153} INFO - Started process (PID=3482) to work on /opt/airflow/dags/2.-pythonOperator.py
[2023-02-15T21:23:00.888+0000] {processor.py:743} INFO - Processing file /opt/airflow/dags/2.-pythonOperator.py for tasks to queue
[2023-02-15T21:23:00.889+0000] {logging_mixin.py:137} INFO - [2023-02-15T21:23:00.888+0000] {dagbag.py:538} INFO - Filling up the DagBag from /opt/airflow/dags/2.-pythonOperator.py
[2023-02-15T21:23:00.899+0000] {processor.py:753} INFO - DAG(s) dict_keys(['pythonoperator']) retrieved from /opt/airflow/dags/2.-pythonOperator.py
[2023-02-15T21:23:00.914+0000] {logging_mixin.py:137} INFO - [2023-02-15T21:23:00.914+0000] {dag.py:2690} INFO - Sync 1 DAGs
[2023-02-15T21:23:00.930+0000] {logging_mixin.py:137} INFO - [2023-02-15T21:23:00.930+0000] {dag.py:3441} INFO - Setting next_dagrun for pythonoperator to None, run_after=None
[2023-02-15T21:23:00.945+0000] {processor.py:175} INFO - Processing /opt/airflow/dags/2.-pythonOperator.py took 0.069 seconds
[2023-02-15T21:23:31.195+0000] {processor.py:153} INFO - Started process (PID=3518) to work on /opt/airflow/dags/2.-pythonOperator.py
[2023-02-15T21:23:31.204+0000] {processor.py:743} INFO - Processing file /opt/airflow/dags/2.-pythonOperator.py for tasks to queue
[2023-02-15T21:23:31.205+0000] {logging_mixin.py:137} INFO - [2023-02-15T21:23:31.204+0000] {dagbag.py:538} INFO - Filling up the DagBag from /opt/airflow/dags/2.-pythonOperator.py
[2023-02-15T21:23:31.216+0000] {processor.py:753} INFO - DAG(s) dict_keys(['pythonoperator']) retrieved from /opt/airflow/dags/2.-pythonOperator.py
[2023-02-15T21:23:31.237+0000] {logging_mixin.py:137} INFO - [2023-02-15T21:23:31.237+0000] {dag.py:2690} INFO - Sync 1 DAGs
[2023-02-15T21:23:31.262+0000] {logging_mixin.py:137} INFO - [2023-02-15T21:23:31.262+0000] {dag.py:3441} INFO - Setting next_dagrun for pythonoperator to None, run_after=None
[2023-02-15T21:23:31.281+0000] {processor.py:175} INFO - Processing /opt/airflow/dags/2.-pythonOperator.py took 0.088 seconds
[2023-02-15T21:24:01.564+0000] {processor.py:153} INFO - Started process (PID=3570) to work on /opt/airflow/dags/2.-pythonOperator.py
[2023-02-15T21:24:01.566+0000] {processor.py:743} INFO - Processing file /opt/airflow/dags/2.-pythonOperator.py for tasks to queue
[2023-02-15T21:24:01.567+0000] {logging_mixin.py:137} INFO - [2023-02-15T21:24:01.567+0000] {dagbag.py:538} INFO - Filling up the DagBag from /opt/airflow/dags/2.-pythonOperator.py
[2023-02-15T21:24:01.576+0000] {processor.py:753} INFO - DAG(s) dict_keys(['pythonoperator']) retrieved from /opt/airflow/dags/2.-pythonOperator.py
[2023-02-15T21:24:01.591+0000] {logging_mixin.py:137} INFO - [2023-02-15T21:24:01.591+0000] {dag.py:2690} INFO - Sync 1 DAGs
[2023-02-15T21:24:01.609+0000] {logging_mixin.py:137} INFO - [2023-02-15T21:24:01.609+0000] {dag.py:3441} INFO - Setting next_dagrun for pythonoperator to None, run_after=None
[2023-02-15T21:24:01.625+0000] {processor.py:175} INFO - Processing /opt/airflow/dags/2.-pythonOperator.py took 0.062 seconds
[2023-02-15T21:24:31.866+0000] {processor.py:153} INFO - Started process (PID=3606) to work on /opt/airflow/dags/2.-pythonOperator.py
[2023-02-15T21:24:31.868+0000] {processor.py:743} INFO - Processing file /opt/airflow/dags/2.-pythonOperator.py for tasks to queue
[2023-02-15T21:24:31.869+0000] {logging_mixin.py:137} INFO - [2023-02-15T21:24:31.869+0000] {dagbag.py:538} INFO - Filling up the DagBag from /opt/airflow/dags/2.-pythonOperator.py
[2023-02-15T21:24:31.885+0000] {processor.py:753} INFO - DAG(s) dict_keys(['pythonoperator']) retrieved from /opt/airflow/dags/2.-pythonOperator.py
[2023-02-15T21:24:31.913+0000] {logging_mixin.py:137} INFO - [2023-02-15T21:24:31.913+0000] {dag.py:2690} INFO - Sync 1 DAGs
[2023-02-15T21:24:31.946+0000] {logging_mixin.py:137} INFO - [2023-02-15T21:24:31.946+0000] {dag.py:3441} INFO - Setting next_dagrun for pythonoperator to None, run_after=None
[2023-02-15T21:24:31.967+0000] {processor.py:175} INFO - Processing /opt/airflow/dags/2.-pythonOperator.py took 0.105 seconds
[2023-02-15T21:25:02.203+0000] {processor.py:153} INFO - Started process (PID=3657) to work on /opt/airflow/dags/2.-pythonOperator.py
[2023-02-15T21:25:02.203+0000] {processor.py:743} INFO - Processing file /opt/airflow/dags/2.-pythonOperator.py for tasks to queue
[2023-02-15T21:25:02.204+0000] {logging_mixin.py:137} INFO - [2023-02-15T21:25:02.204+0000] {dagbag.py:538} INFO - Filling up the DagBag from /opt/airflow/dags/2.-pythonOperator.py
[2023-02-15T21:25:02.214+0000] {processor.py:753} INFO - DAG(s) dict_keys(['pythonoperator']) retrieved from /opt/airflow/dags/2.-pythonOperator.py
[2023-02-15T21:25:02.232+0000] {logging_mixin.py:137} INFO - [2023-02-15T21:25:02.232+0000] {dag.py:2690} INFO - Sync 1 DAGs
[2023-02-15T21:25:02.251+0000] {logging_mixin.py:137} INFO - [2023-02-15T21:25:02.251+0000] {dag.py:3441} INFO - Setting next_dagrun for pythonoperator to None, run_after=None
[2023-02-15T21:25:02.268+0000] {processor.py:175} INFO - Processing /opt/airflow/dags/2.-pythonOperator.py took 0.067 seconds
[2023-02-15T21:25:32.535+0000] {processor.py:153} INFO - Started process (PID=3693) to work on /opt/airflow/dags/2.-pythonOperator.py
[2023-02-15T21:25:32.543+0000] {processor.py:743} INFO - Processing file /opt/airflow/dags/2.-pythonOperator.py for tasks to queue
[2023-02-15T21:25:32.544+0000] {logging_mixin.py:137} INFO - [2023-02-15T21:25:32.544+0000] {dagbag.py:538} INFO - Filling up the DagBag from /opt/airflow/dags/2.-pythonOperator.py
[2023-02-15T21:25:32.554+0000] {processor.py:753} INFO - DAG(s) dict_keys(['pythonoperator']) retrieved from /opt/airflow/dags/2.-pythonOperator.py
[2023-02-15T21:25:32.573+0000] {logging_mixin.py:137} INFO - [2023-02-15T21:25:32.573+0000] {dag.py:2690} INFO - Sync 1 DAGs
[2023-02-15T21:25:32.597+0000] {logging_mixin.py:137} INFO - [2023-02-15T21:25:32.597+0000] {dag.py:3441} INFO - Setting next_dagrun for pythonoperator to None, run_after=None
[2023-02-15T21:25:32.613+0000] {processor.py:175} INFO - Processing /opt/airflow/dags/2.-pythonOperator.py took 0.080 seconds
[2023-02-15T21:26:02.881+0000] {processor.py:153} INFO - Started process (PID=3744) to work on /opt/airflow/dags/2.-pythonOperator.py
[2023-02-15T21:26:02.882+0000] {processor.py:743} INFO - Processing file /opt/airflow/dags/2.-pythonOperator.py for tasks to queue
[2023-02-15T21:26:02.883+0000] {logging_mixin.py:137} INFO - [2023-02-15T21:26:02.882+0000] {dagbag.py:538} INFO - Filling up the DagBag from /opt/airflow/dags/2.-pythonOperator.py
[2023-02-15T21:26:02.897+0000] {processor.py:753} INFO - DAG(s) dict_keys(['pythonoperator']) retrieved from /opt/airflow/dags/2.-pythonOperator.py
[2023-02-15T21:26:02.924+0000] {logging_mixin.py:137} INFO - [2023-02-15T21:26:02.924+0000] {dag.py:2690} INFO - Sync 1 DAGs
[2023-02-15T21:26:02.956+0000] {logging_mixin.py:137} INFO - [2023-02-15T21:26:02.956+0000] {dag.py:3441} INFO - Setting next_dagrun for pythonoperator to None, run_after=None
[2023-02-15T21:26:02.976+0000] {processor.py:175} INFO - Processing /opt/airflow/dags/2.-pythonOperator.py took 0.098 seconds
[2023-02-15T21:26:33.237+0000] {processor.py:153} INFO - Started process (PID=3780) to work on /opt/airflow/dags/2.-pythonOperator.py
[2023-02-15T21:26:33.245+0000] {processor.py:743} INFO - Processing file /opt/airflow/dags/2.-pythonOperator.py for tasks to queue
[2023-02-15T21:26:33.246+0000] {logging_mixin.py:137} INFO - [2023-02-15T21:26:33.246+0000] {dagbag.py:538} INFO - Filling up the DagBag from /opt/airflow/dags/2.-pythonOperator.py
[2023-02-15T21:26:33.257+0000] {processor.py:753} INFO - DAG(s) dict_keys(['pythonoperator']) retrieved from /opt/airflow/dags/2.-pythonOperator.py
[2023-02-15T21:26:33.275+0000] {logging_mixin.py:137} INFO - [2023-02-15T21:26:33.275+0000] {dag.py:2690} INFO - Sync 1 DAGs
[2023-02-15T21:26:33.297+0000] {logging_mixin.py:137} INFO - [2023-02-15T21:26:33.297+0000] {dag.py:3441} INFO - Setting next_dagrun for pythonoperator to None, run_after=None
[2023-02-15T21:26:33.314+0000] {processor.py:175} INFO - Processing /opt/airflow/dags/2.-pythonOperator.py took 0.080 seconds
[2023-02-15T21:27:03.597+0000] {processor.py:153} INFO - Started process (PID=3816) to work on /opt/airflow/dags/2.-pythonOperator.py
[2023-02-15T21:27:03.605+0000] {processor.py:743} INFO - Processing file /opt/airflow/dags/2.-pythonOperator.py for tasks to queue
[2023-02-15T21:27:03.607+0000] {logging_mixin.py:137} INFO - [2023-02-15T21:27:03.606+0000] {dagbag.py:538} INFO - Filling up the DagBag from /opt/airflow/dags/2.-pythonOperator.py
[2023-02-15T21:27:03.622+0000] {processor.py:753} INFO - DAG(s) dict_keys(['pythonoperator']) retrieved from /opt/airflow/dags/2.-pythonOperator.py
[2023-02-15T21:27:03.642+0000] {logging_mixin.py:137} INFO - [2023-02-15T21:27:03.641+0000] {dag.py:2690} INFO - Sync 1 DAGs
[2023-02-15T21:27:03.664+0000] {logging_mixin.py:137} INFO - [2023-02-15T21:27:03.664+0000] {dag.py:3441} INFO - Setting next_dagrun for pythonoperator to None, run_after=None
[2023-02-15T21:27:03.681+0000] {processor.py:175} INFO - Processing /opt/airflow/dags/2.-pythonOperator.py took 0.088 seconds
[2023-02-15T21:27:33.899+0000] {processor.py:153} INFO - Started process (PID=3868) to work on /opt/airflow/dags/2.-pythonOperator.py
[2023-02-15T21:27:33.908+0000] {processor.py:743} INFO - Processing file /opt/airflow/dags/2.-pythonOperator.py for tasks to queue
[2023-02-15T21:27:33.909+0000] {logging_mixin.py:137} INFO - [2023-02-15T21:27:33.909+0000] {dagbag.py:538} INFO - Filling up the DagBag from /opt/airflow/dags/2.-pythonOperator.py
[2023-02-15T21:27:33.924+0000] {processor.py:753} INFO - DAG(s) dict_keys(['pythonoperator']) retrieved from /opt/airflow/dags/2.-pythonOperator.py
[2023-02-15T21:27:33.941+0000] {logging_mixin.py:137} INFO - [2023-02-15T21:27:33.941+0000] {dag.py:2690} INFO - Sync 1 DAGs
[2023-02-15T21:27:33.962+0000] {logging_mixin.py:137} INFO - [2023-02-15T21:27:33.962+0000] {dag.py:3441} INFO - Setting next_dagrun for pythonoperator to None, run_after=None
[2023-02-15T21:27:33.977+0000] {processor.py:175} INFO - Processing /opt/airflow/dags/2.-pythonOperator.py took 0.082 seconds
[2023-02-15T21:28:04.241+0000] {processor.py:153} INFO - Started process (PID=3905) to work on /opt/airflow/dags/2.-pythonOperator.py
[2023-02-15T21:28:04.250+0000] {processor.py:743} INFO - Processing file /opt/airflow/dags/2.-pythonOperator.py for tasks to queue
[2023-02-15T21:28:04.250+0000] {logging_mixin.py:137} INFO - [2023-02-15T21:28:04.250+0000] {dagbag.py:538} INFO - Filling up the DagBag from /opt/airflow/dags/2.-pythonOperator.py
[2023-02-15T21:28:04.260+0000] {processor.py:753} INFO - DAG(s) dict_keys(['pythonoperator']) retrieved from /opt/airflow/dags/2.-pythonOperator.py
[2023-02-15T21:28:04.283+0000] {logging_mixin.py:137} INFO - [2023-02-15T21:28:04.283+0000] {dag.py:2690} INFO - Sync 1 DAGs
[2023-02-15T21:28:04.310+0000] {logging_mixin.py:137} INFO - [2023-02-15T21:28:04.310+0000] {dag.py:3441} INFO - Setting next_dagrun for pythonoperator to None, run_after=None
[2023-02-15T21:28:04.336+0000] {processor.py:175} INFO - Processing /opt/airflow/dags/2.-pythonOperator.py took 0.097 seconds
[2023-02-15T21:28:34.577+0000] {processor.py:153} INFO - Started process (PID=3956) to work on /opt/airflow/dags/2.-pythonOperator.py
[2023-02-15T21:28:34.585+0000] {processor.py:743} INFO - Processing file /opt/airflow/dags/2.-pythonOperator.py for tasks to queue
[2023-02-15T21:28:34.586+0000] {logging_mixin.py:137} INFO - [2023-02-15T21:28:34.586+0000] {dagbag.py:538} INFO - Filling up the DagBag from /opt/airflow/dags/2.-pythonOperator.py
[2023-02-15T21:28:34.596+0000] {processor.py:753} INFO - DAG(s) dict_keys(['pythonoperator']) retrieved from /opt/airflow/dags/2.-pythonOperator.py
[2023-02-15T21:28:34.615+0000] {logging_mixin.py:137} INFO - [2023-02-15T21:28:34.615+0000] {dag.py:2690} INFO - Sync 1 DAGs
[2023-02-15T21:28:34.637+0000] {logging_mixin.py:137} INFO - [2023-02-15T21:28:34.637+0000] {dag.py:3441} INFO - Setting next_dagrun for pythonoperator to None, run_after=None
[2023-02-15T21:28:34.655+0000] {processor.py:175} INFO - Processing /opt/airflow/dags/2.-pythonOperator.py took 0.080 seconds
[2023-02-15T21:29:04.927+0000] {processor.py:153} INFO - Started process (PID=3991) to work on /opt/airflow/dags/2.-pythonOperator.py
[2023-02-15T21:29:04.928+0000] {processor.py:743} INFO - Processing file /opt/airflow/dags/2.-pythonOperator.py for tasks to queue
[2023-02-15T21:29:04.928+0000] {logging_mixin.py:137} INFO - [2023-02-15T21:29:04.928+0000] {dagbag.py:538} INFO - Filling up the DagBag from /opt/airflow/dags/2.-pythonOperator.py
[2023-02-15T21:29:04.943+0000] {processor.py:753} INFO - DAG(s) dict_keys(['pythonoperator']) retrieved from /opt/airflow/dags/2.-pythonOperator.py
[2023-02-15T21:29:04.967+0000] {logging_mixin.py:137} INFO - [2023-02-15T21:29:04.966+0000] {dag.py:2690} INFO - Sync 1 DAGs
[2023-02-15T21:29:04.994+0000] {logging_mixin.py:137} INFO - [2023-02-15T21:29:04.994+0000] {dag.py:3441} INFO - Setting next_dagrun for pythonoperator to None, run_after=None
[2023-02-15T21:29:05.014+0000] {processor.py:175} INFO - Processing /opt/airflow/dags/2.-pythonOperator.py took 0.089 seconds
[2023-02-15T21:29:35.259+0000] {processor.py:153} INFO - Started process (PID=4035) to work on /opt/airflow/dags/2.-pythonOperator.py
[2023-02-15T21:29:35.267+0000] {processor.py:743} INFO - Processing file /opt/airflow/dags/2.-pythonOperator.py for tasks to queue
[2023-02-15T21:29:35.268+0000] {logging_mixin.py:137} INFO - [2023-02-15T21:29:35.268+0000] {dagbag.py:538} INFO - Filling up the DagBag from /opt/airflow/dags/2.-pythonOperator.py
[2023-02-15T21:29:35.279+0000] {processor.py:753} INFO - DAG(s) dict_keys(['pythonoperator']) retrieved from /opt/airflow/dags/2.-pythonOperator.py
[2023-02-15T21:29:35.308+0000] {logging_mixin.py:137} INFO - [2023-02-15T21:29:35.308+0000] {dag.py:2690} INFO - Sync 1 DAGs
[2023-02-15T21:29:35.343+0000] {logging_mixin.py:137} INFO - [2023-02-15T21:29:35.343+0000] {dag.py:3441} INFO - Setting next_dagrun for pythonoperator to None, run_after=None
[2023-02-15T21:29:35.371+0000] {processor.py:175} INFO - Processing /opt/airflow/dags/2.-pythonOperator.py took 0.114 seconds
[2023-02-15T21:30:05.497+0000] {processor.py:153} INFO - Started process (PID=4078) to work on /opt/airflow/dags/2.-pythonOperator.py
[2023-02-15T21:30:05.506+0000] {processor.py:743} INFO - Processing file /opt/airflow/dags/2.-pythonOperator.py for tasks to queue
[2023-02-15T21:30:05.507+0000] {logging_mixin.py:137} INFO - [2023-02-15T21:30:05.507+0000] {dagbag.py:538} INFO - Filling up the DagBag from /opt/airflow/dags/2.-pythonOperator.py
[2023-02-15T21:30:05.521+0000] {processor.py:753} INFO - DAG(s) dict_keys(['pythonoperator']) retrieved from /opt/airflow/dags/2.-pythonOperator.py
[2023-02-15T21:30:05.539+0000] {logging_mixin.py:137} INFO - [2023-02-15T21:30:05.539+0000] {dag.py:2690} INFO - Sync 1 DAGs
[2023-02-15T21:30:05.561+0000] {logging_mixin.py:137} INFO - [2023-02-15T21:30:05.561+0000] {dag.py:3441} INFO - Setting next_dagrun for pythonoperator to None, run_after=None
[2023-02-15T21:30:05.577+0000] {processor.py:175} INFO - Processing /opt/airflow/dags/2.-pythonOperator.py took 0.085 seconds
[2023-02-15T21:30:35.812+0000] {processor.py:153} INFO - Started process (PID=4123) to work on /opt/airflow/dags/2.-pythonOperator.py
[2023-02-15T21:30:35.813+0000] {processor.py:743} INFO - Processing file /opt/airflow/dags/2.-pythonOperator.py for tasks to queue
[2023-02-15T21:30:35.814+0000] {logging_mixin.py:137} INFO - [2023-02-15T21:30:35.814+0000] {dagbag.py:538} INFO - Filling up the DagBag from /opt/airflow/dags/2.-pythonOperator.py
[2023-02-15T21:30:35.825+0000] {processor.py:753} INFO - DAG(s) dict_keys(['pythonoperator']) retrieved from /opt/airflow/dags/2.-pythonOperator.py
[2023-02-15T21:30:35.849+0000] {logging_mixin.py:137} INFO - [2023-02-15T21:30:35.848+0000] {dag.py:2690} INFO - Sync 1 DAGs
[2023-02-15T21:30:35.886+0000] {logging_mixin.py:137} INFO - [2023-02-15T21:30:35.885+0000] {dag.py:3441} INFO - Setting next_dagrun for pythonoperator to None, run_after=None
[2023-02-15T21:30:35.907+0000] {processor.py:175} INFO - Processing /opt/airflow/dags/2.-pythonOperator.py took 0.098 seconds
[2023-02-15T21:31:06.151+0000] {processor.py:153} INFO - Started process (PID=4166) to work on /opt/airflow/dags/2.-pythonOperator.py
[2023-02-15T21:31:06.153+0000] {processor.py:743} INFO - Processing file /opt/airflow/dags/2.-pythonOperator.py for tasks to queue
[2023-02-15T21:31:06.153+0000] {logging_mixin.py:137} INFO - [2023-02-15T21:31:06.153+0000] {dagbag.py:538} INFO - Filling up the DagBag from /opt/airflow/dags/2.-pythonOperator.py
[2023-02-15T21:31:06.163+0000] {processor.py:753} INFO - DAG(s) dict_keys(['pythonoperator']) retrieved from /opt/airflow/dags/2.-pythonOperator.py
[2023-02-15T21:31:06.182+0000] {logging_mixin.py:137} INFO - [2023-02-15T21:31:06.182+0000] {dag.py:2690} INFO - Sync 1 DAGs
[2023-02-15T21:31:06.199+0000] {logging_mixin.py:137} INFO - [2023-02-15T21:31:06.199+0000] {dag.py:3441} INFO - Setting next_dagrun for pythonoperator to None, run_after=None
[2023-02-15T21:31:06.212+0000] {processor.py:175} INFO - Processing /opt/airflow/dags/2.-pythonOperator.py took 0.063 seconds
