[2023-02-15T21:04:03.435+0000] {taskinstance.py:1083} INFO - Dependencies all met for <TaskInstance: dependencias.hello_with_python scheduled__2023-02-15T00:00:00+00:00 [queued]>
[2023-02-15T21:04:03.483+0000] {taskinstance.py:1083} INFO - Dependencies all met for <TaskInstance: dependencias.hello_with_python scheduled__2023-02-15T00:00:00+00:00 [queued]>
[2023-02-15T21:04:03.483+0000] {taskinstance.py:1279} INFO - 
--------------------------------------------------------------------------------
[2023-02-15T21:04:03.483+0000] {taskinstance.py:1280} INFO - Starting attempt 1 of 1
[2023-02-15T21:04:03.484+0000] {taskinstance.py:1281} INFO - 
--------------------------------------------------------------------------------
[2023-02-15T21:04:03.518+0000] {taskinstance.py:1300} INFO - Executing <Task(PythonOperator): hello_with_python> on 2023-02-15 00:00:00+00:00
[2023-02-15T21:04:03.532+0000] {standard_task_runner.py:55} INFO - Started process 1753 to run task
[2023-02-15T21:04:03.541+0000] {standard_task_runner.py:82} INFO - Running: ['***', 'tasks', 'run', 'dependencias', 'hello_with_python', 'scheduled__2023-02-15T00:00:00+00:00', '--job-id', '15', '--raw', '--subdir', 'DAGS_FOLDER/3-dependencias.py', '--cfg-path', '/tmp/tmp6mpgi78m']
[2023-02-15T21:04:03.542+0000] {standard_task_runner.py:83} INFO - Job 15: Subtask hello_with_python
[2023-02-15T21:04:03.677+0000] {task_command.py:388} INFO - Running <TaskInstance: dependencias.hello_with_python scheduled__2023-02-15T00:00:00+00:00 [running]> on host cf67e1775369
[2023-02-15T21:04:03.818+0000] {taskinstance.py:1509} INFO - Exporting the following env vars:
AIRFLOW_CTX_DAG_OWNER=***
AIRFLOW_CTX_DAG_ID=dependencias
AIRFLOW_CTX_TASK_ID=hello_with_python
AIRFLOW_CTX_EXECUTION_DATE=2023-02-15T00:00:00+00:00
AIRFLOW_CTX_TRY_NUMBER=1
AIRFLOW_CTX_DAG_RUN_ID=scheduled__2023-02-15T00:00:00+00:00
[2023-02-15T21:04:03.819+0000] {logging_mixin.py:137} INFO - ************PRobando el operador PythonOperator************
[2023-02-15T21:04:03.819+0000] {python.py:177} INFO - Done. Returned value was: None
[2023-02-15T21:04:03.837+0000] {taskinstance.py:1323} INFO - Marking task as SUCCESS. dag_id=dependencias, task_id=hello_with_python, execution_date=20230215T000000, start_date=20230215T210403, end_date=20230215T210403
[2023-02-15T21:04:03.872+0000] {local_task_job.py:208} INFO - Task exited with return code 0
[2023-02-15T21:04:03.940+0000] {taskinstance.py:2578} INFO - 0 downstream tasks scheduled from follow-on schedule check
