[2023-02-15T20:45:07.266+0000] {taskinstance.py:1083} INFO - Dependencies all met for <TaskInstance: bashoperator.hello_with_bash manual__2023-02-15T20:45:05.902934+00:00 [queued]>
[2023-02-15T20:45:07.286+0000] {taskinstance.py:1083} INFO - Dependencies all met for <TaskInstance: bashoperator.hello_with_bash manual__2023-02-15T20:45:05.902934+00:00 [queued]>
[2023-02-15T20:45:07.287+0000] {taskinstance.py:1279} INFO - 
--------------------------------------------------------------------------------
[2023-02-15T20:45:07.287+0000] {taskinstance.py:1280} INFO - Starting attempt 1 of 1
[2023-02-15T20:45:07.287+0000] {taskinstance.py:1281} INFO - 
--------------------------------------------------------------------------------
[2023-02-15T20:45:07.316+0000] {taskinstance.py:1300} INFO - Executing <Task(BashOperator): hello_with_bash> on 2023-02-15 20:45:05.902934+00:00
[2023-02-15T20:45:07.327+0000] {standard_task_runner.py:55} INFO - Started process 296 to run task
[2023-02-15T20:45:07.330+0000] {standard_task_runner.py:82} INFO - Running: ['***', 'tasks', 'run', 'bashoperator', 'hello_with_bash', 'manual__2023-02-15T20:45:05.902934+00:00', '--job-id', '9', '--raw', '--subdir', 'DAGS_FOLDER/1.-bashoperator.py', '--cfg-path', '/tmp/tmp22l4vitl']
[2023-02-15T20:45:07.331+0000] {standard_task_runner.py:83} INFO - Job 9: Subtask hello_with_bash
[2023-02-15T20:45:07.417+0000] {task_command.py:388} INFO - Running <TaskInstance: bashoperator.hello_with_bash manual__2023-02-15T20:45:05.902934+00:00 [running]> on host cf67e1775369
[2023-02-15T20:45:07.520+0000] {taskinstance.py:1509} INFO - Exporting the following env vars:
AIRFLOW_CTX_DAG_OWNER=***
AIRFLOW_CTX_DAG_ID=bashoperator
AIRFLOW_CTX_TASK_ID=hello_with_bash
AIRFLOW_CTX_EXECUTION_DATE=2023-02-15T20:45:05.902934+00:00
AIRFLOW_CTX_TRY_NUMBER=1
AIRFLOW_CTX_DAG_RUN_ID=manual__2023-02-15T20:45:05.902934+00:00
[2023-02-15T20:45:07.521+0000] {subprocess.py:63} INFO - Tmp dir root location: 
 /tmp
[2023-02-15T20:45:07.522+0000] {subprocess.py:75} INFO - Running command: ['/bin/bash', '-c', "echo 'Hello World!'"]
[2023-02-15T20:45:07.539+0000] {subprocess.py:86} INFO - Output:
[2023-02-15T20:45:07.541+0000] {subprocess.py:93} INFO - Hello World!
[2023-02-15T20:45:07.542+0000] {subprocess.py:97} INFO - Command exited with return code 0
[2023-02-15T20:45:07.610+0000] {taskinstance.py:1323} INFO - Marking task as SUCCESS. dag_id=bashoperator, task_id=hello_with_bash, execution_date=20230215T204505, start_date=20230215T204507, end_date=20230215T204507
[2023-02-15T20:45:07.662+0000] {local_task_job.py:208} INFO - Task exited with return code 0
[2023-02-15T20:45:07.691+0000] {taskinstance.py:2578} INFO - 0 downstream tasks scheduled from follow-on schedule check
