[2023-02-15T21:12:02.275+0000] {taskinstance.py:1083} INFO - Dependencies all met for <TaskInstance: dependencias.tarea1 manual__2023-02-15T21:12:01.043750+00:00 [queued]>
[2023-02-15T21:12:02.301+0000] {taskinstance.py:1083} INFO - Dependencies all met for <TaskInstance: dependencias.tarea1 manual__2023-02-15T21:12:01.043750+00:00 [queued]>
[2023-02-15T21:12:02.301+0000] {taskinstance.py:1279} INFO - 
--------------------------------------------------------------------------------
[2023-02-15T21:12:02.302+0000] {taskinstance.py:1280} INFO - Starting attempt 1 of 1
[2023-02-15T21:12:02.302+0000] {taskinstance.py:1281} INFO - 
--------------------------------------------------------------------------------
[2023-02-15T21:12:02.345+0000] {taskinstance.py:1300} INFO - Executing <Task(PythonOperator): tarea1> on 2023-02-15 21:12:01.043750+00:00
[2023-02-15T21:12:02.355+0000] {standard_task_runner.py:55} INFO - Started process 2348 to run task
[2023-02-15T21:12:02.361+0000] {standard_task_runner.py:82} INFO - Running: ['***', 'tasks', 'run', 'dependencias', 'tarea1', 'manual__2023-02-15T21:12:01.043750+00:00', '--job-id', '16', '--raw', '--subdir', 'DAGS_FOLDER/3-dependencias.py', '--cfg-path', '/tmp/tmpj1y5n5lc']
[2023-02-15T21:12:02.362+0000] {standard_task_runner.py:83} INFO - Job 16: Subtask tarea1
[2023-02-15T21:12:02.480+0000] {task_command.py:388} INFO - Running <TaskInstance: dependencias.tarea1 manual__2023-02-15T21:12:01.043750+00:00 [running]> on host cf67e1775369
[2023-02-15T21:12:02.642+0000] {taskinstance.py:1509} INFO - Exporting the following env vars:
AIRFLOW_CTX_DAG_OWNER=***
AIRFLOW_CTX_DAG_ID=dependencias
AIRFLOW_CTX_TASK_ID=tarea1
AIRFLOW_CTX_EXECUTION_DATE=2023-02-15T21:12:01.043750+00:00
AIRFLOW_CTX_TRY_NUMBER=1
AIRFLOW_CTX_DAG_RUN_ID=manual__2023-02-15T21:12:01.043750+00:00
[2023-02-15T21:12:02.643+0000] {logging_mixin.py:137} INFO - ************PRobando el operador PythonOperator************
[2023-02-15T21:12:02.643+0000] {python.py:177} INFO - Done. Returned value was: None
[2023-02-15T21:12:02.690+0000] {taskinstance.py:1323} INFO - Marking task as SUCCESS. dag_id=dependencias, task_id=tarea1, execution_date=20230215T211201, start_date=20230215T211202, end_date=20230215T211202
[2023-02-15T21:12:02.772+0000] {local_task_job.py:208} INFO - Task exited with return code 0
[2023-02-15T21:12:02.837+0000] {taskinstance.py:2578} INFO - 1 downstream tasks scheduled from follow-on schedule check
