[2023-02-15T21:12:06.562+0000] {taskinstance.py:1083} INFO - Dependencies all met for <TaskInstance: dependencias.tarea3 manual__2023-02-15T21:12:01.043750+00:00 [queued]>
[2023-02-15T21:12:06.583+0000] {taskinstance.py:1083} INFO - Dependencies all met for <TaskInstance: dependencias.tarea3 manual__2023-02-15T21:12:01.043750+00:00 [queued]>
[2023-02-15T21:12:06.583+0000] {taskinstance.py:1279} INFO - 
--------------------------------------------------------------------------------
[2023-02-15T21:12:06.584+0000] {taskinstance.py:1280} INFO - Starting attempt 1 of 1
[2023-02-15T21:12:06.585+0000] {taskinstance.py:1281} INFO - 
--------------------------------------------------------------------------------
[2023-02-15T21:12:06.638+0000] {taskinstance.py:1300} INFO - Executing <Task(BashOperator): tarea3> on 2023-02-15 21:12:01.043750+00:00
[2023-02-15T21:12:06.668+0000] {standard_task_runner.py:55} INFO - Started process 2370 to run task
[2023-02-15T21:12:06.674+0000] {standard_task_runner.py:82} INFO - Running: ['***', 'tasks', 'run', 'dependencias', 'tarea3', 'manual__2023-02-15T21:12:01.043750+00:00', '--job-id', '19', '--raw', '--subdir', 'DAGS_FOLDER/3-dependencias.py', '--cfg-path', '/tmp/tmpgvvwafsi']
[2023-02-15T21:12:06.676+0000] {standard_task_runner.py:83} INFO - Job 19: Subtask tarea3
[2023-02-15T21:12:06.808+0000] {task_command.py:388} INFO - Running <TaskInstance: dependencias.tarea3 manual__2023-02-15T21:12:01.043750+00:00 [running]> on host cf67e1775369
[2023-02-15T21:12:06.920+0000] {taskinstance.py:1509} INFO - Exporting the following env vars:
AIRFLOW_CTX_DAG_OWNER=***
AIRFLOW_CTX_DAG_ID=dependencias
AIRFLOW_CTX_TASK_ID=tarea3
AIRFLOW_CTX_EXECUTION_DATE=2023-02-15T21:12:01.043750+00:00
AIRFLOW_CTX_TRY_NUMBER=1
AIRFLOW_CTX_DAG_RUN_ID=manual__2023-02-15T21:12:01.043750+00:00
[2023-02-15T21:12:06.922+0000] {subprocess.py:63} INFO - Tmp dir root location: 
 /tmp
[2023-02-15T21:12:06.923+0000] {subprocess.py:75} INFO - Running command: ['/bin/bash', '-c', "echo ' tarea3!'"]
[2023-02-15T21:12:06.943+0000] {subprocess.py:86} INFO - Output:
[2023-02-15T21:12:06.946+0000] {subprocess.py:93} INFO -  tarea3!
[2023-02-15T21:12:06.947+0000] {subprocess.py:97} INFO - Command exited with return code 0
[2023-02-15T21:12:06.989+0000] {taskinstance.py:1323} INFO - Marking task as SUCCESS. dag_id=dependencias, task_id=tarea3, execution_date=20230215T211201, start_date=20230215T211206, end_date=20230215T211206
[2023-02-15T21:12:07.046+0000] {local_task_job.py:208} INFO - Task exited with return code 0
[2023-02-15T21:12:07.077+0000] {taskinstance.py:2578} INFO - 0 downstream tasks scheduled from follow-on schedule check
