[2023-02-15T21:12:04.574+0000] {taskinstance.py:1083} INFO - Dependencies all met for <TaskInstance: dependencias.tarea2 manual__2023-02-15T21:12:01.043750+00:00 [queued]>
[2023-02-15T21:12:04.599+0000] {taskinstance.py:1083} INFO - Dependencies all met for <TaskInstance: dependencias.tarea2 manual__2023-02-15T21:12:01.043750+00:00 [queued]>
[2023-02-15T21:12:04.599+0000] {taskinstance.py:1279} INFO - 
--------------------------------------------------------------------------------
[2023-02-15T21:12:04.599+0000] {taskinstance.py:1280} INFO - Starting attempt 1 of 1
[2023-02-15T21:12:04.600+0000] {taskinstance.py:1281} INFO - 
--------------------------------------------------------------------------------
[2023-02-15T21:12:04.636+0000] {taskinstance.py:1300} INFO - Executing <Task(BashOperator): tarea2> on 2023-02-15 21:12:01.043750+00:00
[2023-02-15T21:12:04.646+0000] {standard_task_runner.py:55} INFO - Started process 2359 to run task
[2023-02-15T21:12:04.649+0000] {standard_task_runner.py:82} INFO - Running: ['***', 'tasks', 'run', 'dependencias', 'tarea2', 'manual__2023-02-15T21:12:01.043750+00:00', '--job-id', '17', '--raw', '--subdir', 'DAGS_FOLDER/3-dependencias.py', '--cfg-path', '/tmp/tmpq8tn0uox']
[2023-02-15T21:12:04.650+0000] {standard_task_runner.py:83} INFO - Job 17: Subtask tarea2
[2023-02-15T21:12:04.818+0000] {task_command.py:388} INFO - Running <TaskInstance: dependencias.tarea2 manual__2023-02-15T21:12:01.043750+00:00 [running]> on host cf67e1775369
[2023-02-15T21:12:04.976+0000] {taskinstance.py:1509} INFO - Exporting the following env vars:
AIRFLOW_CTX_DAG_OWNER=***
AIRFLOW_CTX_DAG_ID=dependencias
AIRFLOW_CTX_TASK_ID=tarea2
AIRFLOW_CTX_EXECUTION_DATE=2023-02-15T21:12:01.043750+00:00
AIRFLOW_CTX_TRY_NUMBER=1
AIRFLOW_CTX_DAG_RUN_ID=manual__2023-02-15T21:12:01.043750+00:00
[2023-02-15T21:12:04.977+0000] {subprocess.py:63} INFO - Tmp dir root location: 
 /tmp
[2023-02-15T21:12:04.978+0000] {subprocess.py:75} INFO - Running command: ['/bin/bash', '-c', "echo ' tarea2!'"]
[2023-02-15T21:12:04.999+0000] {subprocess.py:86} INFO - Output:
[2023-02-15T21:12:05.002+0000] {subprocess.py:93} INFO -  tarea2!
[2023-02-15T21:12:05.003+0000] {subprocess.py:97} INFO - Command exited with return code 0
[2023-02-15T21:12:05.146+0000] {taskinstance.py:1323} INFO - Marking task as SUCCESS. dag_id=dependencias, task_id=tarea2, execution_date=20230215T211201, start_date=20230215T211204, end_date=20230215T211205
[2023-02-15T21:12:05.192+0000] {local_task_job.py:208} INFO - Task exited with return code 0
[2023-02-15T21:12:05.236+0000] {taskinstance.py:2578} INFO - 2 downstream tasks scheduled from follow-on schedule check
