[2023-02-15T20:56:00.785+0000] {taskinstance.py:1083} INFO - Dependencies all met for <TaskInstance: pythonoperator.hello_with_python manual__2023-02-15T20:55:59.263406+00:00 [queued]>
[2023-02-15T20:56:00.803+0000] {taskinstance.py:1083} INFO - Dependencies all met for <TaskInstance: pythonoperator.hello_with_python manual__2023-02-15T20:55:59.263406+00:00 [queued]>
[2023-02-15T20:56:00.804+0000] {taskinstance.py:1279} INFO - 
--------------------------------------------------------------------------------
[2023-02-15T20:56:00.804+0000] {taskinstance.py:1280} INFO - Starting attempt 1 of 1
[2023-02-15T20:56:00.804+0000] {taskinstance.py:1281} INFO - 
--------------------------------------------------------------------------------
[2023-02-15T20:56:00.834+0000] {taskinstance.py:1300} INFO - Executing <Task(PythonOperator): hello_with_python> on 2023-02-15 20:55:59.263406+00:00
[2023-02-15T20:56:00.844+0000] {standard_task_runner.py:55} INFO - Started process 1139 to run task
[2023-02-15T20:56:00.849+0000] {standard_task_runner.py:82} INFO - Running: ['***', 'tasks', 'run', 'pythonoperator', 'hello_with_python', 'manual__2023-02-15T20:55:59.263406+00:00', '--job-id', '13', '--raw', '--subdir', 'DAGS_FOLDER/2.-pythonOperator.py', '--cfg-path', '/tmp/tmp7p6jyfuy']
[2023-02-15T20:56:00.849+0000] {standard_task_runner.py:83} INFO - Job 13: Subtask hello_with_python
[2023-02-15T20:56:00.946+0000] {task_command.py:388} INFO - Running <TaskInstance: pythonoperator.hello_with_python manual__2023-02-15T20:55:59.263406+00:00 [running]> on host cf67e1775369
[2023-02-15T20:56:01.061+0000] {taskinstance.py:1509} INFO - Exporting the following env vars:
AIRFLOW_CTX_DAG_OWNER=***
AIRFLOW_CTX_DAG_ID=pythonoperator
AIRFLOW_CTX_TASK_ID=hello_with_python
AIRFLOW_CTX_EXECUTION_DATE=2023-02-15T20:55:59.263406+00:00
AIRFLOW_CTX_TRY_NUMBER=1
AIRFLOW_CTX_DAG_RUN_ID=manual__2023-02-15T20:55:59.263406+00:00
[2023-02-15T20:56:01.061+0000] {logging_mixin.py:137} INFO - ************PRobando el operador PythonOperator************
[2023-02-15T20:56:01.062+0000] {python.py:177} INFO - Done. Returned value was: None
[2023-02-15T20:56:01.078+0000] {taskinstance.py:1323} INFO - Marking task as SUCCESS. dag_id=pythonoperator, task_id=hello_with_python, execution_date=20230215T205559, start_date=20230215T205600, end_date=20230215T205601
[2023-02-15T20:56:01.141+0000] {local_task_job.py:208} INFO - Task exited with return code 0
[2023-02-15T20:56:01.168+0000] {taskinstance.py:2578} INFO - 0 downstream tasks scheduled from follow-on schedule check
