[2023-02-15T21:04:03.366+0000] {taskinstance.py:1083} INFO - Dependencies all met for <TaskInstance: dependencias.tarea1 scheduled__2023-02-15T00:00:00+00:00 [queued]>
[2023-02-15T21:04:03.395+0000] {taskinstance.py:1083} INFO - Dependencies all met for <TaskInstance: dependencias.tarea1 scheduled__2023-02-15T00:00:00+00:00 [queued]>
[2023-02-15T21:04:03.395+0000] {taskinstance.py:1279} INFO - 
--------------------------------------------------------------------------------
[2023-02-15T21:04:03.395+0000] {taskinstance.py:1280} INFO - Starting attempt 1 of 1
[2023-02-15T21:04:03.395+0000] {taskinstance.py:1281} INFO - 
--------------------------------------------------------------------------------
[2023-02-15T21:04:03.441+0000] {taskinstance.py:1300} INFO - Executing <Task(PythonOperator): tarea1> on 2023-02-15 00:00:00+00:00
[2023-02-15T21:04:03.465+0000] {standard_task_runner.py:55} INFO - Started process 1752 to run task
[2023-02-15T21:04:03.471+0000] {standard_task_runner.py:82} INFO - Running: ['***', 'tasks', 'run', 'dependencias', 'tarea1', 'scheduled__2023-02-15T00:00:00+00:00', '--job-id', '14', '--raw', '--subdir', 'DAGS_FOLDER/3-dependencias.py', '--cfg-path', '/tmp/tmpuvjiv4h6']
[2023-02-15T21:04:03.472+0000] {standard_task_runner.py:83} INFO - Job 14: Subtask tarea1
[2023-02-15T21:04:03.643+0000] {task_command.py:388} INFO - Running <TaskInstance: dependencias.tarea1 scheduled__2023-02-15T00:00:00+00:00 [running]> on host cf67e1775369
[2023-02-15T21:04:03.777+0000] {taskinstance.py:1509} INFO - Exporting the following env vars:
AIRFLOW_CTX_DAG_OWNER=***
AIRFLOW_CTX_DAG_ID=dependencias
AIRFLOW_CTX_TASK_ID=tarea1
AIRFLOW_CTX_EXECUTION_DATE=2023-02-15T00:00:00+00:00
AIRFLOW_CTX_TRY_NUMBER=1
AIRFLOW_CTX_DAG_RUN_ID=scheduled__2023-02-15T00:00:00+00:00
[2023-02-15T21:04:03.778+0000] {logging_mixin.py:137} INFO - ************PRobando el operador PythonOperator************
[2023-02-15T21:04:03.778+0000] {python.py:177} INFO - Done. Returned value was: None
[2023-02-15T21:04:03.812+0000] {taskinstance.py:1323} INFO - Marking task as SUCCESS. dag_id=dependencias, task_id=tarea1, execution_date=20230215T000000, start_date=20230215T210403, end_date=20230215T210403
[2023-02-15T21:04:03.858+0000] {local_task_job.py:208} INFO - Task exited with return code 0
[2023-02-15T21:04:03.892+0000] {taskinstance.py:2578} INFO - 0 downstream tasks scheduled from follow-on schedule check
